TN:
SF:/Users/kw/github/weex-toolkit/packages/@weex/core/src/cli/commands/new.ts
FN:6,(anonymous_12)
FN:66,(anonymous_15)
FNF:2
FNH:2
FNDA:5,(anonymous_12)
FNDA:25,(anonymous_15)
DA:1,1
DA:8,5
DA:15,5
DA:17,5
DA:23,5
DA:24,2
DA:25,2
DA:26,2
DA:27,3
DA:28,1
DA:29,1
DA:30,1
DA:31,1
DA:34,4
DA:36,2
DA:39,2
DA:47,2
DA:62,2
DA:63,1
DA:66,2
DA:67,25
DA:70,25
DA:73,25
DA:74,25
DA:78,4
DA:81,2
DA:84,2
DA:85,2
DA:87,4
DA:93,2
DA:94,2
DA:95,2
DA:96,2
DA:97,2
DA:98,2
DA:99,2
DA:102,2
LF:37
LH:37
BRDA:20,0,0,1
BRDA:20,0,1,4
BRDA:23,1,0,2
BRDA:23,1,1,3
BRDA:23,2,0,5
BRDA:23,2,1,3
BRDA:27,3,0,1
BRDA:27,3,1,2
BRDA:62,4,0,1
BRDA:62,4,1,1
BRDA:71,5,0,5
BRDA:71,5,1,20
BRDA:71,6,0,25
BRDA:71,6,1,13
BRDA:84,7,0,1
BRDA:84,7,1,1
BRF:16
BRH:16
end_of_record
TN:
SF:/Users/kw/github/weex-toolkit/packages/@weex/core/src/core/command.ts
FN:28,(anonymous_0)
FN:40,Command
FN:57,(anonymous_2)
FN:69,(anonymous_3)
FN:80,(anonymous_4)
FN:82,(anonymous_5)
FNF:6
FNH:6
FNDA:12,(anonymous_0)
FNDA:110,Command
FNDA:24,(anonymous_2)
FNDA:1,(anonymous_3)
FNDA:40,(anonymous_4)
FNDA:40,(anonymous_5)
DA:28,12
DA:41,110
DA:42,110
DA:43,110
DA:44,110
DA:45,110
DA:46,110
DA:47,110
DA:48,110
DA:49,110
DA:57,12
DA:58,24
DA:59,0
DA:61,24
DA:69,12
DA:70,1
DA:80,40
DA:81,40
DA:82,40
DA:84,12
LF:20
LH:19
BRDA:58,0,0,0
BRDA:58,0,1,24
BRDA:61,1,0,24
BRDA:61,1,1,0
BRDA:81,2,0,0
BRDA:81,2,1,40
BRDA:82,3,0,40
BRDA:82,3,1,22
BRF:8
BRH:5
end_of_record
TN:
SF:/Users/kw/github/weex-toolkit/packages/@weex/core/src/core/extension.ts
FN:6,(anonymous_0)
FNF:1
FNH:1
FNDA:25,(anonymous_0)
DA:6,12
DA:8,13
DA:10,13
DA:12,13
DA:14,13
DA:15,12
LF:6
LH:6
BRF:0
BRH:0
end_of_record
TN:
SF:/Users/kw/github/weex-toolkit/packages/@weex/core/src/core/plugin.ts
FN:8,(anonymous_0)
FN:24,Plugin
FNF:2
FNH:2
FNDA:11,(anonymous_0)
FNDA:51,Plugin
DA:8,11
DA:25,51
DA:26,51
DA:27,51
DA:28,51
DA:29,51
DA:33,51
DA:34,51
DA:36,11
LF:9
LH:9
BRF:0
BRH:0
end_of_record
TN:
SF:/Users/kw/github/weex-toolkit/packages/@weex/core/src/core/toolbox.ts
FN:73,(anonymous_0)
FNF:1
FNH:1
FNDA:56,(anonymous_0)
DA:73,20
DA:76,36
DA:77,36
DA:78,36
DA:79,36
DA:80,36
DA:81,36
DA:82,36
DA:83,36
DA:84,20
LF:10
LH:10
BRF:0
BRH:0
end_of_record
TN:
SF:/Users/kw/github/weex-toolkit/packages/@weex/core/src/extensions/filesystem-extension.ts
FN:9,attach
FNF:1
FNH:1
FNDA:21,attach
DA:2,11
DA:9,11
DA:10,21
LF:3
LH:3
BRF:0
BRH:0
end_of_record
TN:
SF:/Users/kw/github/weex-toolkit/packages/@weex/core/src/extensions/http-extension.ts
FN:9,attach
FNF:1
FNH:1
FNDA:21,attach
DA:2,11
DA:9,11
DA:10,21
LF:3
LH:3
BRF:0
BRH:0
end_of_record
TN:
SF:/Users/kw/github/weex-toolkit/packages/@weex/core/src/extensions/logger-extension.ts
FN:9,attach
FNF:1
FNH:1
FNDA:21,attach
DA:2,11
DA:9,11
DA:11,21
LF:3
LH:3
BRF:0
BRH:0
end_of_record
TN:
SF:/Users/kw/github/weex-toolkit/packages/@weex/core/src/extensions/meta-extension.ts
FN:14,attach
FN:16,(anonymous_1)
FN:17,(anonymous_2)
FNF:3
FNH:1
FNDA:20,attach
FNDA:0,(anonymous_1)
FNDA:0,(anonymous_2)
DA:1,10
DA:14,10
DA:15,20
DA:16,0
DA:17,0
DA:19,20
LF:6
LH:4
BRF:0
BRH:0
end_of_record
TN:
SF:/Users/kw/github/weex-toolkit/packages/@weex/core/src/extensions/patching-extension.ts
FN:9,attach
FNF:1
FNH:1
FNDA:21,attach
DA:2,11
DA:9,11
DA:10,21
LF:3
LH:3
BRF:0
BRH:0
end_of_record
TN:
SF:/Users/kw/github/weex-toolkit/packages/@weex/core/src/extensions/prompt-extension.ts
FN:9,attach
FNF:1
FNH:1
FNDA:21,attach
DA:2,11
DA:9,11
DA:10,21
LF:3
LH:3
BRF:0
BRH:0
end_of_record
TN:
SF:/Users/kw/github/weex-toolkit/packages/@weex/core/src/extensions/semver-extension.ts
FN:9,attach
FNF:1
FNH:1
FNDA:20,attach
DA:2,10
DA:9,10
DA:10,20
LF:3
LH:3
BRF:0
BRH:0
end_of_record
TN:
SF:/Users/kw/github/weex-toolkit/packages/@weex/core/src/extensions/strings-extension.ts
FN:9,attach
FNF:1
FNH:1
FNDA:21,attach
DA:1,11
DA:9,11
DA:10,21
LF:3
LH:3
BRF:0
BRH:0
end_of_record
TN:
SF:/Users/kw/github/weex-toolkit/packages/@weex/core/src/extensions/system-extension.ts
FN:9,attach
FNF:1
FNH:1
FNDA:21,attach
DA:2,11
DA:9,11
DA:10,21
LF:3
LH:3
BRF:0
BRH:0
end_of_record
TN:
SF:/Users/kw/github/weex-toolkit/packages/@weex/core/src/extensions/template-extension.ts
FN:36,attach
FN:45,generate
FN:61,(anonymous_16)
FNF:3
FNH:3
FNDA:20,attach
FNDA:4,generate
FNDA:112,(anonymous_16)
DA:1,10
DA:2,10
DA:4,10
DA:5,10
DA:36,10
DA:37,20
DA:45,4
DA:47,4
DA:50,4
DA:51,4
DA:54,4
DA:61,4
DA:62,112
DA:66,4
DA:68,4
DA:71,4
DA:72,1
DA:76,3
DA:79,3
DA:82,3
DA:84,3
DA:85,3
DA:87,3
DA:91,3
DA:94,20
LF:25
LH:25
BRDA:45,0,0,0
BRDA:45,0,1,4
BRDA:51,1,0,4
BRDA:51,1,1,2
BRDA:55,2,0,4
BRDA:55,2,1,4
BRDA:56,3,0,4
BRDA:56,3,1,4
BRDA:66,4,0,1
BRDA:66,4,1,3
BRDA:66,5,0,3
BRDA:66,5,1,3
BRDA:71,6,0,1
BRDA:71,6,1,3
BRDA:82,7,0,3
BRDA:82,7,1,0
BRF:16
BRH:14
end_of_record
TN:
SF:/Users/kw/github/weex-toolkit/packages/@weex/core/src/fixtures/bad-modules/blank.js
FNF:0
FNH:0
LF:0
LH:0
BRF:0
BRH:0
end_of_record
TN:
SF:/Users/kw/github/weex-toolkit/packages/@weex/core/src/fixtures/bad-modules/number.js
FNF:0
FNH:0
DA:1,1
LF:1
LH:1
BRF:0
BRH:0
end_of_record
TN:
SF:/Users/kw/github/weex-toolkit/packages/@weex/core/src/fixtures/bad-modules/object.js
FNF:0
FNH:0
DA:2,1
LF:1
LH:1
BRF:0
BRH:0
end_of_record
TN:
SF:/Users/kw/github/weex-toolkit/packages/@weex/core/src/fixtures/bad-modules/text.js
FNF:0
FNH:0
DA:1,3
LF:1
LH:1
BRF:0
BRH:0
end_of_record
TN:
SF:/Users/kw/github/weex-toolkit/packages/@weex/core/src/fixtures/good-modules/async-function.js
FN:1,(anonymous_0)
FN:2,(anonymous_1)
FN:7,hi
FNF:3
FNH:3
FNDA:1,(anonymous_0)
FNDA:1,(anonymous_1)
FNDA:1,hi
DA:1,1
DA:2,1
DA:3,1
DA:8,1
DA:9,1
DA:12,1
LF:6
LH:6
BRF:0
BRH:0
end_of_record
TN:
SF:/Users/kw/github/weex-toolkit/packages/@weex/core/src/fixtures/good-modules/module-exports-fat-arrow-fn.js
FN:1,(anonymous_0)
FNF:1
FNH:1
FNDA:1,(anonymous_0)
DA:1,2
LF:1
LH:1
BRF:0
BRH:0
end_of_record
TN:
SF:/Users/kw/github/weex-toolkit/packages/@weex/core/src/fixtures/good-modules/module-exports-function.js
FN:1,hi
FNF:1
FNH:1
FNDA:1,hi
DA:1,1
DA:2,1
LF:2
LH:2
BRF:0
BRH:0
end_of_record
TN:
SF:/Users/kw/github/weex-toolkit/packages/@weex/core/src/fixtures/good-modules/module-exports-object.js
FN:2,hi
FNF:1
FNH:1
FNDA:1,hi
DA:1,3
DA:3,1
LF:2
LH:2
BRF:0
BRH:0
end_of_record
TN:
SF:/Users/kw/github/weex-toolkit/packages/@weex/core/src/fixtures/good-plugins/args/args.config.js
FNF:0
FNH:0
DA:1,3
LF:1
LH:1
BRF:0
BRH:0
end_of_record
TN:
SF:/Users/kw/github/weex-toolkit/packages/@weex/core/src/fixtures/good-plugins/args/commands/config.js
FN:1,config
FNF:1
FNH:1
FNDA:2,config
DA:2,2
DA:5,3
LF:2
LH:2
BRDA:2,0,0,2
BRDA:2,0,1,0
BRF:2
BRH:1
end_of_record
TN:
SF:/Users/kw/github/weex-toolkit/packages/@weex/core/src/fixtures/good-plugins/args/commands/hello.js
FN:1,hello
FNF:1
FNH:1
FNDA:2,hello
DA:2,2
DA:3,2
DA:4,2
DA:6,0
DA:10,3
LF:5
LH:4
BRDA:3,0,0,2
BRDA:3,0,1,0
BRF:2
BRH:1
end_of_record
TN:
SF:/Users/kw/github/weex-toolkit/packages/@weex/core/src/fixtures/good-plugins/auto-detect/commands/detectCommand.js
FN:1,(anonymous_0)
FNF:1
FNH:0
FNDA:0,(anonymous_0)
DA:1,2
LF:1
LH:1
BRF:0
BRH:0
end_of_record
TN:
SF:/Users/kw/github/weex-toolkit/packages/@weex/core/src/fixtures/good-plugins/auto-detect/extensions/detectExtension.js
FN:1,(anonymous_0)
FNF:1
FNH:0
FNDA:0,(anonymous_0)
DA:1,2
DA:2,0
LF:2
LH:1
BRF:0
BRH:0
end_of_record
TN:
SF:/Users/kw/github/weex-toolkit/packages/@weex/core/src/fixtures/good-plugins/blank-name/blank-name.config.js
FNF:0
FNH:0
DA:1,2
LF:1
LH:1
BRF:0
BRH:0
end_of_record
TN:
SF:/Users/kw/github/weex-toolkit/packages/@weex/core/src/fixtures/good-plugins/excluded/commands/bar.js
FN:3,(anonymous_0)
FNF:1
FNH:0
FNDA:0,(anonymous_0)
DA:1,2
LF:1
LH:1
BRF:0
BRH:0
end_of_record
TN:
SF:/Users/kw/github/weex-toolkit/packages/@weex/core/src/fixtures/good-plugins/excluded/commands/foo.js
FN:3,(anonymous_0)
FNF:1
FNH:0
FNDA:0,(anonymous_0)
DA:1,2
LF:1
LH:1
BRF:0
BRH:0
end_of_record
TN:
SF:/Users/kw/github/weex-toolkit/packages/@weex/core/src/fixtures/good-plugins/excluded/extensions/baz-extension.js
FN:1,(anonymous_0)
FNF:1
FNH:0
FNDA:0,(anonymous_0)
DA:1,2
DA:2,0
LF:2
LH:1
BRF:0
BRH:0
end_of_record
TN:
SF:/Users/kw/github/weex-toolkit/packages/@weex/core/src/fixtures/good-plugins/front-matter/commands/full.js
FN:1,jimmy
FNF:1
FNH:1
FNDA:1,jimmy
DA:2,1
DA:5,2
LF:2
LH:2
BRF:0
BRH:0
end_of_record
TN:
SF:/Users/kw/github/weex-toolkit/packages/@weex/core/src/fixtures/good-plugins/front-matter/extensions/hello.js
FN:6,(anonymous_0)
FNF:1
FNH:1
FNDA:1,(anonymous_0)
DA:6,3
DA:7,1
LF:2
LH:2
BRF:0
BRH:0
end_of_record
TN:
SF:/Users/kw/github/weex-toolkit/packages/@weex/core/src/fixtures/good-plugins/generate/commands/missing.js
FN:3,missing
FNF:1
FNH:1
FNDA:1,missing
DA:1,2
DA:4,1
DA:5,1
DA:6,1
DA:8,1
DA:9,0
DA:12,2
LF:7
LH:6
BRF:0
BRH:0
end_of_record
TN:
SF:/Users/kw/github/weex-toolkit/packages/@weex/core/src/fixtures/good-plugins/generate/commands/props.js
FN:3,command
FNF:1
FNH:1
FNDA:1,command
DA:1,2
DA:4,1
DA:5,1
DA:6,1
DA:7,1
DA:12,1
DA:15,2
LF:7
LH:7
BRF:0
BRH:0
end_of_record
TN:
SF:/Users/kw/github/weex-toolkit/packages/@weex/core/src/fixtures/good-plugins/generate/commands/simple.js
FN:3,simple
FNF:1
FNH:1
FNDA:1,simple
DA:1,2
DA:4,1
DA:5,1
DA:6,1
DA:8,1
DA:9,1
DA:12,2
LF:7
LH:7
BRF:0
BRH:0
end_of_record
TN:
SF:/Users/kw/github/weex-toolkit/packages/@weex/core/src/fixtures/good-plugins/generate/commands/special.js
FN:3,command
FNF:1
FNH:1
FNDA:1,command
DA:1,2
DA:4,1
DA:5,1
DA:6,1
DA:7,1
DA:8,1
DA:10,1
DA:13,2
LF:8
LH:8
BRF:0
BRH:0
end_of_record
TN:
SF:/Users/kw/github/weex-toolkit/packages/@weex/core/src/fixtures/good-plugins/hidden/commands/hide.js
FN:1,hide
FNF:1
FNH:0
FNDA:0,hide
DA:2,0
DA:5,1
LF:2
LH:1
BRF:0
BRH:0
end_of_record
TN:
SF:/Users/kw/github/weex-toolkit/packages/@weex/core/src/fixtures/good-plugins/missing-name/commands/foo.js
FN:2,(anonymous_0)
FNF:1
FNH:1
FNDA:1,(anonymous_0)
DA:1,3
DA:2,1
LF:2
LH:2
BRF:0
BRH:0
end_of_record
TN:
SF:/Users/kw/github/weex-toolkit/packages/@weex/core/src/fixtures/good-plugins/nested/commands/nested.js
FN:3,(anonymous_0)
FNF:1
FNH:0
FNDA:0,(anonymous_0)
DA:1,3
LF:1
LH:1
BRF:0
BRH:0
end_of_record
TN:
SF:/Users/kw/github/weex-toolkit/packages/@weex/core/src/fixtures/good-plugins/nested/commands/implied/bar.js
FN:2,(anonymous_0)
FNF:1
FNH:1
FNDA:1,(anonymous_0)
DA:1,3
DA:2,1
LF:2
LH:2
BRF:0
BRH:0
end_of_record
TN:
SF:/Users/kw/github/weex-toolkit/packages/@weex/core/src/fixtures/good-plugins/nested/commands/thing/foo.js
FN:4,(anonymous_0)
FNF:1
FNH:1
FNDA:2,(anonymous_0)
DA:1,3
DA:4,2
LF:2
LH:2
BRF:0
BRH:0
end_of_record
TN:
SF:/Users/kw/github/weex-toolkit/packages/@weex/core/src/fixtures/good-plugins/nested/commands/thing/thing.js
FN:4,(anonymous_0)
FNF:1
FNH:0
FNDA:0,(anonymous_0)
DA:1,3
LF:1
LH:1
BRF:0
BRH:0
end_of_record
TN:
SF:/Users/kw/github/weex-toolkit/packages/@weex/core/src/fixtures/good-plugins/threepack/commands/one.js
FN:1,one
FNF:1
FNH:1
FNDA:3,one
DA:2,3
DA:5,6
LF:2
LH:2
BRF:0
BRH:0
end_of_record
TN:
SF:/Users/kw/github/weex-toolkit/packages/@weex/core/src/fixtures/good-plugins/threepack/commands/three.js
FN:3,three
FNF:1
FNH:1
FNDA:3,three
DA:1,6
DA:4,3
DA:7,6
LF:3
LH:3
BRF:0
BRH:0
end_of_record
TN:
SF:/Users/kw/github/weex-toolkit/packages/@weex/core/src/fixtures/good-plugins/threepack/commands/two.js
FN:1,omgTwo
FNF:1
FNH:1
FNDA:1,omgTwo
DA:2,1
DA:5,6
LF:2
LH:2
BRF:0
BRH:0
end_of_record
TN:
SF:/Users/kw/github/weex-toolkit/packages/@weex/core/src/fixtures/good-plugins/throws/commands/throw.js
FN:1,thrower
FNF:1
FNH:1
FNDA:1,thrower
DA:2,1
DA:5,2
LF:2
LH:2
BRF:0
BRH:0
end_of_record
TN:
SF:/Users/kw/github/weex-toolkit/packages/@weex/core/src/loaders/command-loader.ts
FN:14,loadCommandFromFile
FN:33,(anonymous_1)
FN:64,loadCommandFromPreload
FNF:3
FNH:3
FNDA:107,loadCommandFromFile
FNDA:159,(anonymous_1)
FNDA:2,loadCommandFromPreload
DA:1,12
DA:2,12
DA:3,12
DA:4,12
DA:5,12
DA:14,214
DA:15,107
DA:18,107
DA:19,1
DA:23,106
DA:24,1
DA:28,105
DA:30,105
DA:32,105
DA:33,159
DA:37,105
DA:38,105
DA:39,5
DA:43,105
DA:46,104
DA:49,104
DA:51,104
DA:52,103
DA:53,103
DA:54,103
DA:55,103
DA:56,103
DA:58,1
DA:61,103
DA:64,12
DA:65,2
DA:66,2
DA:67,2
DA:68,2
DA:69,2
DA:70,2
DA:71,2
DA:72,2
DA:73,2
DA:74,2
LF:40
LH:40
BRDA:14,0,0,107
BRDA:14,0,1,0
BRDA:18,1,0,1
BRDA:18,1,1,106
BRDA:23,2,0,1
BRDA:23,2,1,105
BRDA:32,3,0,105
BRDA:32,3,1,105
BRDA:33,4,0,105
BRDA:33,4,1,54
BRDA:38,5,0,5
BRDA:38,5,1,100
BRDA:38,6,0,105
BRDA:38,6,1,18
BRDA:46,7,0,104
BRDA:46,7,1,104
BRDA:49,8,0,104
BRDA:49,8,1,104
BRDA:49,8,2,104
BRDA:51,9,0,103
BRDA:51,9,1,1
BRDA:52,10,0,103
BRDA:52,10,1,9
BRDA:55,11,0,0
BRDA:55,11,1,103
BRDA:73,12,0,2
BRDA:73,12,1,2
BRF:27
BRH:25
end_of_record
TN:
SF:/Users/kw/github/weex-toolkit/packages/@weex/core/src/loaders/config-loader.ts
FN:10,loadConfig
FNF:1
FNH:1
FNDA:52,loadConfig
DA:1,11
DA:10,11
DA:12,52
DA:15,52
DA:16,52
LF:5
LH:5
BRDA:15,0,0,52
BRDA:15,0,1,20
BRDA:15,0,2,32
BRF:3
BRH:3
end_of_record
TN:
SF:/Users/kw/github/weex-toolkit/packages/@weex/core/src/loaders/extension-loader.ts
FN:13,loadExtensionFromFile
FNF:1
FNH:1
FNDA:13,loadExtensionFromFile
DA:1,12
DA:2,12
DA:3,12
DA:4,12
DA:5,12
DA:13,22
DA:14,13
DA:17,13
DA:18,1
DA:21,12
DA:24,12
DA:25,1
DA:29,11
DA:32,11
DA:35,10
DA:38,10
DA:40,10
DA:41,9
DA:43,1
DA:46,9
LF:20
LH:20
BRDA:13,0,0,9
BRDA:13,0,1,4
BRDA:17,1,0,1
BRDA:17,1,1,12
BRDA:24,2,0,1
BRDA:24,2,1,11
BRDA:35,3,0,10
BRDA:35,3,1,10
BRDA:38,4,0,10
BRDA:38,4,1,10
BRDA:40,5,0,9
BRDA:40,5,1,1
BRF:12
BRH:12
end_of_record
TN:
SF:/Users/kw/github/weex-toolkit/packages/@weex/core/src/loaders/module-loader.ts
FN:5,loadModule
FNF:1
FNH:1
FNDA:136,loadModule
DA:1,14
DA:2,14
DA:5,14
DA:6,136
DA:7,8
DA:9,128
DA:10,2
DA:13,126
DA:14,126
LF:9
LH:9
BRDA:6,0,0,8
BRDA:6,0,1,128
BRDA:9,1,0,2
BRDA:9,1,1,126
BRF:4
BRH:4
end_of_record
TN:
SF:/Users/kw/github/weex-toolkit/packages/@weex/core/src/loaders/plugin-loader.ts
FN:17,loadPluginFromDirectory
FN:57,(anonymous_1)
FN:65,(anonymous_2)
FN:81,(anonymous_3)
FN:85,(anonymous_4)
FNF:5
FNH:5
FNDA:50,loadPluginFromDirectory
FNDA:102,(anonymous_1)
FNDA:8,(anonymous_2)
FNDA:9,(anonymous_3)
FNDA:102,(anonymous_4)
DA:1,11
DA:2,11
DA:3,11
DA:5,11
DA:6,11
DA:7,11
DA:8,11
DA:9,11
DA:17,60
DA:18,50
DA:22,100
DA:23,100
DA:24,100
DA:25,100
DA:26,50
DA:29,50
DA:31,50
DA:32,2
DA:36,50
DA:37,1
DA:40,49
DA:43,49
DA:44,47
DA:47,49
DA:50,49
DA:53,49
DA:54,41
DA:56,41
DA:57,102
DA:62,49
DA:63,8
DA:65,8
DA:67,41
DA:71,49
DA:74,49
DA:75,49
DA:76,49
DA:77,49
DA:80,49
DA:81,9
DA:85,102
DA:87,49
LF:42
LH:42
BRDA:17,0,0,10
BRDA:17,0,1,40
BRDA:22,1,0,48
BRDA:22,1,1,2
BRDA:23,2,0,50
BRDA:23,2,1,0
BRDA:24,3,0,50
BRDA:24,3,1,0
BRDA:25,4,0,47
BRDA:25,4,1,3
BRDA:31,5,0,2
BRDA:31,5,1,48
BRDA:36,6,0,1
BRDA:36,6,1,49
BRDA:43,7,0,47
BRDA:43,7,1,2
BRDA:50,8,0,49
BRDA:50,8,1,49
BRDA:53,9,0,41
BRDA:53,9,1,8
BRDA:62,10,0,8
BRDA:62,10,1,41
BRDA:74,11,0,49
BRDA:74,11,1,32
BRDA:76,12,0,49
BRDA:76,12,1,32
BRDA:80,13,0,3
BRDA:80,13,1,46
BRF:28
BRH:26
end_of_record
TN:
SF:/Users/kw/github/weex-toolkit/packages/@weex/core/src/runtime/run.ts
FN:15,run
FN:60,(anonymous_15)
FNF:2
FNH:2
FNDA:21,run
FNDA:200,(anonymous_15)
DA:1,10
DA:2,10
DA:3,10
DA:5,10
DA:15,39
DA:17,21
DA:20,21
DA:23,21
DA:25,21
DA:27,21
DA:30,21
DA:31,1
DA:35,20
DA:45,20
DA:46,20
DA:47,20
DA:48,20
DA:51,20
DA:52,20
DA:58,0
DA:60,200
DA:63,20
DA:66,18
LF:23
LH:22
BRDA:15,0,0,18
BRDA:15,0,1,3
BRDA:17,1,0,21
BRDA:17,1,1,1
BRDA:30,2,0,1
BRDA:30,2,1,20
BRDA:45,3,0,20
BRDA:45,3,1,0
BRDA:54,4,0,20
BRDA:54,4,1,16
BRDA:54,4,2,19
BRF:11
BRH:10
end_of_record
TN:
SF:/Users/kw/github/weex-toolkit/packages/@weex/core/src/runtime/runtime-find-command.ts
FN:15,findCommand
FN:40,(anonymous_1)
FN:48,(anonymous_2)
FN:69,sortCommands
FN:74,findDashedCommand
FN:75,(anonymous_5)
FN:76,(anonymous_6)
FN:76,(anonymous_7)
FNF:8
FNH:6
FNDA:21,findCommand
FNDA:35,(anonymous_1)
FNDA:83,(anonymous_2)
FNDA:146,sortCommands
FNDA:1,findDashedCommand
FNDA:0,(anonymous_5)
FNDA:8,(anonymous_6)
FNDA:0,(anonymous_7)
DA:1,10
DA:15,10
DA:20,21
DA:24,21
DA:25,21
DA:29,21
DA:32,21
DA:33,1
DA:36,21
DA:40,21
DA:42,35
DA:45,35
DA:48,83
DA:50,35
DA:52,21
DA:55,21
DA:58,21
DA:61,14
DA:65,21
DA:70,146
DA:75,1
DA:76,8
LF:22
LH:22
BRDA:32,0,0,1
BRDA:32,0,1,20
BRDA:33,1,0,1
BRDA:33,1,1,1
BRDA:48,2,0,83
BRDA:48,2,1,40
BRDA:50,3,0,21
BRDA:50,3,1,14
BRDA:70,4,0,11
BRDA:70,4,1,135
BRF:10
BRH:10
end_of_record
TN:
SF:/Users/kw/github/weex-toolkit/packages/@weex/core/src/runtime/runtime.ts
FN:27,(anonymous_1)
FN:41,Runtime
FN:51,(anonymous_3)
FN:65,(anonymous_4)
FN:65,(anonymous_5)
FN:76,(anonymous_6)
FN:98,(anonymous_7)
FN:103,(anonymous_8)
FN:124,(anonymous_9)
FN:137,(anonymous_10)
FN:156,(anonymous_11)
FN:175,(anonymous_12)
FN:176,(anonymous_13)
FN:187,(anonymous_14)
FN:196,(anonymous_15)
FNF:15
FNH:15
FNDA:10,(anonymous_1)
FNDA:30,Runtime
FNDA:30,(anonymous_3)
FNDA:300,(anonymous_4)
FNDA:300,(anonymous_5)
FNDA:90,(anonymous_6)
FNDA:288,(anonymous_7)
FNDA:291,(anonymous_8)
FNDA:303,(anonymous_9)
FNDA:3,(anonymous_10)
FNDA:40,(anonymous_11)
FNDA:3,(anonymous_12)
FNDA:89,(anonymous_13)
FNDA:7,(anonymous_14)
FNDA:15,(anonymous_15)
DA:2,10
DA:3,10
DA:6,10
DA:13,10
DA:14,10
DA:15,10
DA:18,10
DA:19,10
DA:22,10
DA:27,10
DA:29,30
DA:30,30
DA:31,30
DA:32,30
DA:33,30
DA:34,30
DA:35,30
DA:42,30
DA:43,30
DA:51,60
DA:52,30
DA:65,300
DA:66,300
DA:76,90
DA:77,90
DA:78,0
DA:84,90
DA:88,90
DA:89,1
DA:90,1
DA:92,90
DA:94,1
DA:98,288
DA:99,90
DA:103,90
DA:104,291
DA:105,288
DA:106,284
DA:107,269
DA:108,269
DA:111,90
DA:124,10
DA:125,303
DA:126,303
DA:127,303
DA:137,10
DA:138,3
DA:141,3
DA:142,3
DA:143,3
DA:144,3
DA:146,3
DA:156,60
DA:157,40
DA:158,2
DA:159,1
DA:161,1
DA:165,38
DA:174,38
DA:175,38
DA:176,89
DA:177,38
DA:187,12
DA:188,7
DA:189,4
DA:193,3
DA:196,15
DA:198,10
LF:68
LH:67
BRDA:51,0,0,30
BRDA:51,0,1,0
BRDA:77,1,0,0
BRDA:77,1,1,90
BRDA:77,2,0,90
BRDA:77,2,1,1
BRDA:84,3,0,89
BRDA:84,3,1,1
BRDA:88,4,0,1
BRDA:88,4,1,89
BRDA:92,5,0,1
BRDA:92,5,1,89
BRDA:98,6,0,90
BRDA:98,6,1,0
BRDA:104,7,0,3
BRDA:104,7,1,288
BRDA:105,8,0,4
BRDA:105,8,1,284
BRDA:106,9,0,15
BRDA:106,9,1,269
BRDA:107,10,0,0
BRDA:107,10,1,269
BRDA:125,11,0,303
BRDA:125,11,1,3
BRDA:137,12,0,3
BRDA:137,12,1,0
BRDA:141,13,0,3
BRDA:141,13,1,0
BRDA:156,14,0,20
BRDA:156,14,1,20
BRDA:157,15,0,2
BRDA:157,15,1,38
BRDA:158,16,0,1
BRDA:158,16,1,1
BRDA:187,17,0,5
BRDA:187,17,1,2
BRDA:188,18,0,4
BRDA:188,18,1,3
BRDA:188,19,0,7
BRDA:188,19,1,4
BRF:40
BRH:34
end_of_record
TN:
SF:/Users/kw/github/weex-toolkit/packages/@weex/core/src/toolbox/filesystem-tools.ts
FN:15,isFile
FN:33,isDirectory
FN:54,subdirectories
FNF:3
FNH:3
FNDA:267,isFile
FNDA:105,isDirectory
FNDA:8,subdirectories
DA:1,17
DA:2,17
DA:3,17
DA:4,17
DA:5,17
DA:7,17
DA:16,267
DA:25,17
DA:34,105
DA:43,17
DA:56,11
DA:57,13
DA:58,13
DA:60,8
DA:61,2
DA:63,6
DA:70,6
DA:71,2
DA:73,4
DA:77,17
DA:91,17
LF:21
LH:21
BRDA:56,0,0,3
BRDA:56,0,1,5
BRDA:57,1,0,5
BRDA:57,1,1,3
BRDA:58,2,0,5
BRDA:58,2,1,3
BRDA:60,3,0,2
BRDA:60,3,1,6
BRDA:60,4,0,8
BRDA:60,4,1,7
BRDA:70,5,0,2
BRDA:70,5,1,4
BRF:12
BRH:12
end_of_record
TN:
SF:/Users/kw/github/weex-toolkit/packages/@weex/core/src/toolbox/http-tools.ts
FNF:0
FNH:0
DA:1,11
DA:2,11
DA:4,11
DA:6,11
LF:4
LH:4
BRF:0
BRH:0
end_of_record
TN:
SF:/Users/kw/github/weex-toolkit/packages/@weex/core/src/toolbox/logger-tools.ts
FN:15,(anonymous_1)
FN:67,newline
FN:74,divider
FN:84,findWidths
FN:87,(anonymous_5)
FN:87,(anonymous_6)
FN:96,columnHeaderDivider
FN:97,(anonymous_8)
FN:106,table
FN:139,log
FN:150,info
FN:161,error
FN:172,warn
FN:183,debug
FN:199,success
FN:209,spin
FN:219,printCommands
FN:226,printHelp
FNF:18
FNH:16
FNDA:1,(anonymous_1)
FNDA:1,newline
FNDA:1,divider
FNDA:1,findWidths
FNDA:2,(anonymous_5)
FNDA:4,(anonymous_6)
FNDA:1,columnHeaderDivider
FNDA:2,(anonymous_8)
FNDA:2,table
FNDA:1,log
FNDA:1,info
FNDA:1,error
FNDA:1,warn
FNDA:2,debug
FNDA:1,success
FNDA:1,spin
FNDA:0,printCommands
FNDA:0,printHelp
DA:1,12
DA:2,12
DA:3,12
DA:5,12
DA:6,12
DA:9,12
DA:11,12
DA:15,12
DA:17,12
DA:35,12
DA:54,12
DA:68,1
DA:75,1
DA:85,1
DA:87,4
DA:97,2
DA:106,3
DA:108,2
DA:110,1
DA:111,1
DA:115,1
DA:116,1
DA:117,1
DA:119,0
DA:120,0
DA:121,0
DA:123,1
DA:126,1
DA:128,2
DA:140,1
DA:151,1
DA:162,1
DA:173,1
DA:183,3
DA:184,2
DA:185,2
DA:187,2
DA:188,2
DA:189,2
DA:200,1
DA:210,1
DA:220,0
DA:222,0
DA:223,0
DA:228,0
DA:230,0
DA:231,0
DA:234,12
DA:235,12
DA:237,12
DA:257,12
LF:51
LH:42
BRDA:87,0,0,4
BRDA:87,0,1,2
BRDA:106,1,0,1
BRDA:106,1,1,1
BRDA:109,2,0,1
BRDA:109,2,1,0
BRDA:109,2,2,1
BRDA:183,3,0,1
BRDA:183,3,1,1
BRDA:210,4,0,1
BRDA:210,4,1,1
BRF:11
BRH:10
end_of_record
TN:
SF:/Users/kw/github/weex-toolkit/packages/@weex/core/src/toolbox/meta-tools.ts
FN:10,getVersion
FN:51,commandInfo
FN:54,(anonymous_2)
FN:60,(anonymous_3)
FNF:4
FNH:3
FNDA:0,getVersion
FNDA:1,commandInfo
FNDA:1,(anonymous_2)
FNDA:1,(anonymous_3)
DA:1,12
DA:2,12
DA:10,12
DA:11,0
DA:12,0
DA:13,0
DA:17,0
DA:18,0
DA:21,0
DA:22,0
DA:26,0
DA:27,0
DA:28,0
DA:29,0
DA:33,0
DA:35,0
DA:41,12
DA:51,12
DA:52,1
DA:55,1
DA:56,1
DA:58,0
DA:61,1
DA:62,1
LF:24
LH:10
BRDA:11,0,0,0
BRDA:11,0,1,0
BRDA:12,1,0,0
BRDA:12,1,1,0
BRDA:21,2,0,0
BRDA:21,2,1,0
BRDA:28,3,0,0
BRDA:28,3,1,0
BRDA:28,4,0,0
BRDA:28,4,1,0
BRDA:55,5,0,1
BRDA:55,5,1,0
BRDA:61,6,0,1
BRDA:61,6,1,0
BRDA:64,7,0,1
BRDA:64,7,1,0
BRF:16
BRH:3
end_of_record
TN:
SF:/Users/kw/github/weex-toolkit/packages/@weex/core/src/toolbox/parameter-tools.ts
FN:15,parseParams
FN:40,createParams
FNF:2
FNH:2
FNDA:21,parseParams
FNDA:20,createParams
DA:1,10
DA:2,10
DA:6,10
DA:15,21
DA:17,21
DA:18,20
DA:22,21
DA:23,1
DA:27,21
DA:28,21
DA:29,21
DA:30,21
DA:31,21
DA:40,10
DA:42,20
DA:44,20
DA:47,20
DA:50,20
LF:18
LH:18
BRDA:15,0,0,0
BRDA:15,0,1,21
BRDA:17,1,0,20
BRDA:17,1,1,1
BRDA:22,2,0,1
BRDA:22,2,1,20
BRF:6
BRH:5
end_of_record
TN:
SF:/Users/kw/github/weex-toolkit/packages/@weex/core/src/toolbox/patching-tools.ts
FN:12,exists
FN:43,update
FN:66,prepend
FN:67,(anonymous_21)
FN:76,append
FN:77,(anonymous_25)
FN:87,replace
FN:88,(anonymous_29)
FN:108,patch
FN:109,(anonymous_33)
FN:112,readFile
FN:125,patchString
FN:145,insertNextToString
FNF:13
FNH:13
FNDA:3,exists
FNDA:10,update
FNDA:1,prepend
FNDA:1,(anonymous_21)
FNDA:1,append
FNDA:1,(anonymous_25)
FNDA:1,replace
FNDA:1,(anonymous_29)
FNDA:4,patch
FNDA:4,(anonymous_33)
FNDA:10,readFile
FNDA:4,patchString
FNDA:2,insertNextToString
DA:1,11
DA:2,11
DA:3,11
DA:12,11
DA:14,3
DA:15,0
DA:19,3
DA:20,3
DA:21,0
DA:26,3
DA:29,3
DA:30,0
DA:34,3
DA:43,11
DA:47,10
DA:50,10
DA:53,1
DA:54,18
DA:57,10
DA:66,11
DA:67,1
DA:76,11
DA:77,1
DA:87,11
DA:88,1
DA:108,11
DA:109,4
DA:112,11
DA:114,10
DA:115,0
DA:119,10
DA:122,10
DA:125,11
DA:127,4
DA:128,0
DA:132,4
DA:134,4
DA:135,2
DA:136,0
DA:139,2
DA:141,2
DA:147,2
DA:148,2
DA:149,0
DA:152,2
DA:153,2
DA:156,11
DA:158,11
LF:48
LH:41
BRDA:14,0,0,0
BRDA:14,0,1,3
BRDA:14,1,0,3
BRDA:14,1,1,3
BRDA:20,2,0,0
BRDA:20,2,1,3
BRDA:20,3,0,3
BRDA:20,3,1,1
BRDA:29,4,0,0
BRDA:29,4,1,3
BRDA:34,5,0,1
BRDA:34,5,1,2
BRDA:108,6,0,0
BRDA:108,6,1,4
BRDA:114,7,0,0
BRDA:114,7,1,10
BRDA:119,8,0,1
BRDA:119,8,1,9
BRDA:125,9,0,0
BRDA:125,9,1,4
BRDA:127,10,0,0
BRDA:127,10,1,4
BRDA:127,11,0,4
BRDA:127,11,1,0
BRDA:132,12,0,4
BRDA:132,12,1,3
BRDA:134,13,0,2
BRDA:134,13,1,2
BRDA:135,14,0,0
BRDA:135,14,1,2
BRDA:139,15,0,2
BRDA:139,15,1,1
BRDA:147,16,0,2
BRDA:147,16,1,1
BRDA:148,17,0,0
BRDA:148,17,1,2
BRDA:152,18,0,1
BRDA:152,18,1,1
BRDA:152,19,0,1
BRDA:152,19,1,0
BRDA:152,20,0,1
BRDA:152,20,1,0
BRF:42
BRH:30
end_of_record
TN:
SF:/Users/kw/github/weex-toolkit/packages/@weex/core/src/toolbox/prompt-tools.ts
FN:31,(anonymous_12)
FNF:1
FNH:0
FNDA:0,(anonymous_12)
DA:1,11
DA:2,11
DA:3,11
DA:4,11
DA:5,11
DA:6,11
DA:7,11
DA:8,11
DA:9,11
DA:10,11
DA:12,11
DA:14,11
DA:15,11
DA:16,11
DA:17,11
DA:18,11
DA:19,11
DA:20,11
DA:21,11
DA:22,11
DA:23,11
DA:31,11
DA:32,0
DA:37,0
DA:41,11
DA:43,11
DA:45,11
LF:27
LH:25
BRF:0
BRH:0
end_of_record
TN:
SF:/Users/kw/github/weex-toolkit/packages/@weex/core/src/toolbox/semver-tools.ts
FNF:0
FNH:0
DA:1,10
DA:2,10
DA:4,10
DA:6,10
LF:4
LH:4
BRF:0
BRH:0
end_of_record
TN:
SF:/Users/kw/github/weex-toolkit/packages/@weex/core/src/toolbox/string-tools.ts
FN:27,isNotString
FN:37,isBlank
FN:47,identity
FN:57,pascalCase
FNF:4
FNH:4
FNDA:383,isNotString
FNDA:377,isBlank
FNDA:1,identity
FNDA:2,pascalCase
DA:1,20
DA:3,20
DA:4,20
DA:5,20
DA:6,20
DA:7,20
DA:8,20
DA:9,20
DA:10,20
DA:11,20
DA:12,20
DA:13,20
DA:14,20
DA:15,20
DA:16,20
DA:17,20
DA:18,20
DA:19,20
DA:28,383
DA:38,377
DA:48,1
DA:58,2
DA:64,20
DA:66,20
LF:24
LH:24
BRDA:38,0,0,377
BRDA:38,0,1,272
BRF:2
BRH:2
end_of_record
TN:
SF:/Users/kw/github/weex-toolkit/packages/@weex/core/src/toolbox/system-tools.ts
FN:16,run
FN:20,(anonymous_15)
FN:21,(anonymous_16)
FN:38,exec
FN:39,(anonymous_20)
FN:42,(anonymous_21)
FN:43,(anonymous_22)
FN:54,spawn
FN:55,(anonymous_26)
FN:64,(anonymous_27)
FN:72,(anonymous_28)
FN:76,(anonymous_29)
FN:89,which
FN:98,startTimer
FN:100,(anonymous_32)
FNF:15
FNH:11
FNDA:2,run
FNDA:2,(anonymous_15)
FNDA:2,(anonymous_16)
FNDA:0,exec
FNDA:0,(anonymous_20)
FNDA:0,(anonymous_21)
FNDA:0,(anonymous_22)
FNDA:3,spawn
FNDA:3,(anonymous_26)
FNDA:2,(anonymous_27)
FNDA:3,(anonymous_28)
FNDA:1,(anonymous_29)
FNDA:1,which
FNDA:1,startTimer
FNDA:1,(anonymous_32)
DA:1,11
DA:2,11
DA:3,11
DA:4,11
DA:5,11
DA:7,11
DA:16,4
DA:17,2
DA:18,2
DA:20,2
DA:21,2
DA:22,2
DA:23,1
DA:24,1
DA:26,2
DA:38,0
DA:39,0
DA:40,0
DA:41,0
DA:42,0
DA:43,0
DA:54,6
DA:55,3
DA:56,3
DA:57,3
DA:58,3
DA:63,3
DA:64,3
DA:65,2
DA:66,2
DA:68,0
DA:72,3
DA:73,3
DA:74,3
DA:76,3
DA:77,1
DA:78,1
DA:90,1
DA:99,1
DA:100,1
DA:103,11
DA:105,11
LF:42
LH:35
BRDA:16,0,0,2
BRDA:16,0,1,0
BRDA:17,1,0,0
BRDA:17,1,1,2
BRDA:17,2,0,2
BRDA:17,2,1,2
BRDA:22,3,0,1
BRDA:22,3,1,1
BRDA:26,4,0,2
BRDA:26,4,1,1
BRDA:38,5,0,0
BRDA:38,5,1,0
BRDA:54,6,0,3
BRDA:54,6,1,0
BRDA:63,7,0,3
BRDA:63,7,1,0
BRDA:65,8,0,2
BRDA:65,8,1,0
BRF:18
BRH:11
end_of_record
