TN:
SF:/Users/kw/github/weex-toolkit/packages/@weex/core/src/index.ts
FNF:0
FNH:0
DA:2,1
DA:5,1
DA:6,1
DA:9,1
DA:10,1
DA:11,1
DA:12,1
DA:13,1
DA:14,1
DA:15,1
DA:16,1
DA:17,1
DA:21,1
DA:22,1
DA:26,1
DA:27,1
LF:16
LH:16
BRF:0
BRH:0
end_of_record
TN:
SF:/Users/kw/github/weex-toolkit/packages/@weex/core/src/cli/commands/generate.ts
FN:7,(anonymous_12)
FNF:1
FNH:1
FNDA:3,(anonymous_12)
DA:1,1
DA:2,1
DA:9,3
DA:16,3
DA:17,3
DA:19,3
DA:20,2
DA:21,2
DA:22,2
DA:23,1
DA:24,1
DA:25,1
DA:26,1
DA:27,1
DA:30,0
DA:31,0
DA:32,0
DA:33,0
DA:34,0
DA:35,0
DA:36,0
DA:38,0
DA:42,0
LF:23
LH:14
BRDA:19,0,0,2
BRDA:19,0,1,1
BRDA:19,1,0,3
BRDA:19,1,1,1
BRDA:23,2,0,1
BRDA:23,2,1,0
BRDA:32,3,0,0
BRDA:32,3,1,0
BRF:8
BRH:5
end_of_record
TN:
SF:/Users/kw/github/weex-toolkit/packages/@weex/core/src/commands/default.ts
FN:2,(anonymous_0)
FNF:1
FNH:0
FNDA:0,(anonymous_0)
DA:1,1
DA:2,0
DA:3,0
DA:6,0
LF:4
LH:1
BRDA:4,0,0,0
BRDA:4,0,1,0
BRF:2
BRH:0
end_of_record
TN:
SF:/Users/kw/github/weex-toolkit/packages/@weex/core/src/commands/help.ts
FN:5,(anonymous_0)
FNF:1
FNH:0
FNDA:0,(anonymous_0)
DA:1,1
DA:6,0
LF:2
LH:1
BRF:0
BRH:0
end_of_record
TN:
SF:/Users/kw/github/weex-toolkit/packages/@weex/core/src/commands/version.ts
FN:6,(anonymous_0)
FNF:1
FNH:0
FNDA:0,(anonymous_0)
DA:1,1
DA:7,0
LF:2
LH:1
BRF:0
BRH:0
end_of_record
TN:
SF:/Users/kw/github/weex-toolkit/packages/@weex/core/src/core/builder.ts
FN:18,(anonymous_0)
FN:29,Builder
FN:45,(anonymous_2)
FN:53,(anonymous_3)
FN:65,(anonymous_4)
FN:77,(anonymous_5)
FN:89,(anonymous_6)
FN:99,(anonymous_7)
FN:112,(anonymous_8)
FN:125,(anonymous_9)
FN:140,(anonymous_10)
FN:148,(anonymous_11)
FN:165,(anonymous_12)
FN:166,(anonymous_13)
FN:172,(anonymous_14)
FN:181,build
FNF:16
FNH:1
FNDA:1,(anonymous_0)
FNDA:0,Builder
FNDA:0,(anonymous_2)
FNDA:0,(anonymous_3)
FNDA:0,(anonymous_4)
FNDA:0,(anonymous_5)
FNDA:0,(anonymous_6)
FNDA:0,(anonymous_7)
FNDA:0,(anonymous_8)
FNDA:0,(anonymous_9)
FNDA:0,(anonymous_10)
FNDA:0,(anonymous_11)
FNDA:0,(anonymous_12)
FNDA:0,(anonymous_13)
FNDA:0,(anonymous_14)
FNDA:0,build
DA:1,1
DA:2,1
DA:3,1
DA:4,1
DA:18,1
DA:30,0
DA:45,1
DA:46,0
DA:47,0
DA:53,1
DA:54,0
DA:55,0
DA:65,1
DA:66,0
DA:67,0
DA:77,1
DA:78,0
DA:79,0
DA:89,1
DA:90,0
DA:91,0
DA:99,1
DA:100,0
DA:101,0
DA:102,0
DA:104,0
DA:112,1
DA:113,0
DA:114,0
DA:115,0
DA:117,0
DA:125,1
DA:126,0
DA:127,0
DA:128,0
DA:130,0
DA:131,0
DA:132,0
DA:140,1
DA:141,0
DA:142,0
DA:148,1
DA:150,0
DA:153,0
DA:156,0
DA:159,0
DA:162,0
DA:165,0
DA:166,0
DA:169,0
DA:172,0
DA:174,0
DA:176,1
DA:181,1
DA:182,0
LF:55
LH:17
BRDA:65,0,0,0
BRDA:65,0,1,0
BRDA:77,1,0,0
BRDA:77,1,1,0
BRDA:89,2,0,0
BRDA:89,2,1,0
BRDA:100,3,0,0
BRDA:100,3,1,0
BRDA:101,4,0,0
BRDA:101,4,1,0
BRDA:113,5,0,0
BRDA:113,5,1,0
BRDA:114,6,0,0
BRDA:114,6,1,0
BRDA:126,7,0,0
BRDA:126,7,1,0
BRDA:127,8,0,0
BRDA:127,8,1,0
BRDA:162,9,0,0
BRDA:162,9,1,0
BRDA:169,10,0,0
BRDA:169,10,1,0
BRF:22
BRH:0
end_of_record
TN:
SF:/Users/kw/github/weex-toolkit/packages/@weex/core/src/core/command.ts
FN:28,(anonymous_0)
FN:40,Command
FN:57,(anonymous_2)
FN:69,(anonymous_3)
FN:80,(anonymous_4)
FN:82,(anonymous_5)
FNF:6
FNH:6
FNDA:12,(anonymous_0)
FNDA:92,Command
FNDA:18,(anonymous_2)
FNDA:1,(anonymous_3)
FNDA:31,(anonymous_4)
FNDA:31,(anonymous_5)
DA:28,12
DA:41,92
DA:42,92
DA:43,92
DA:44,92
DA:45,92
DA:46,92
DA:47,92
DA:48,92
DA:49,92
DA:57,12
DA:58,18
DA:59,0
DA:61,18
DA:69,12
DA:70,1
DA:80,31
DA:81,31
DA:82,31
DA:84,12
LF:20
LH:19
BRDA:58,0,0,0
BRDA:58,0,1,18
BRDA:61,1,0,18
BRDA:61,1,1,0
BRDA:81,2,0,0
BRDA:81,2,1,31
BRDA:82,3,0,31
BRDA:82,3,1,16
BRF:8
BRH:5
end_of_record
TN:
SF:/Users/kw/github/weex-toolkit/packages/@weex/core/src/core/extension.ts
FN:6,(anonymous_0)
FNF:1
FNH:1
FNDA:25,(anonymous_0)
DA:6,12
DA:8,13
DA:10,13
DA:12,13
DA:14,13
DA:15,12
LF:6
LH:6
BRF:0
BRH:0
end_of_record
TN:
SF:/Users/kw/github/weex-toolkit/packages/@weex/core/src/core/plugin.ts
FN:8,(anonymous_0)
FN:24,Plugin
FNF:2
FNH:2
FNDA:11,(anonymous_0)
FNDA:48,Plugin
DA:8,11
DA:25,48
DA:26,48
DA:27,48
DA:28,48
DA:29,48
DA:33,48
DA:34,48
DA:36,11
LF:9
LH:9
BRF:0
BRH:0
end_of_record
TN:
SF:/Users/kw/github/weex-toolkit/packages/@weex/core/src/core/toolbox.ts
FN:72,(anonymous_0)
FNF:1
FNH:1
FNDA:51,(anonymous_0)
DA:72,20
DA:75,31
DA:76,31
DA:77,31
DA:78,31
DA:79,31
DA:80,31
DA:81,31
DA:82,31
DA:83,20
LF:10
LH:10
BRF:0
BRH:0
end_of_record
TN:
SF:/Users/kw/github/weex-toolkit/packages/@weex/core/src/extensions/fs-extension.ts
FN:9,attach
FNF:1
FNH:1
FNDA:18,attach
DA:2,11
DA:9,11
DA:10,18
LF:3
LH:3
BRF:0
BRH:0
end_of_record
TN:
SF:/Users/kw/github/weex-toolkit/packages/@weex/core/src/extensions/http-extension.ts
FN:9,attach
FNF:1
FNH:1
FNDA:18,attach
DA:2,11
DA:9,11
DA:10,18
LF:3
LH:3
BRF:0
BRH:0
end_of_record
TN:
SF:/Users/kw/github/weex-toolkit/packages/@weex/core/src/extensions/logger-extension.ts
FN:9,attach
FNF:1
FNH:1
FNDA:18,attach
DA:2,11
DA:9,11
DA:11,18
LF:3
LH:3
BRF:0
BRH:0
end_of_record
TN:
SF:/Users/kw/github/weex-toolkit/packages/@weex/core/src/extensions/meta-extension.ts
FN:14,attach
FN:16,(anonymous_1)
FN:17,(anonymous_2)
FNF:3
FNH:1
FNDA:17,attach
FNDA:0,(anonymous_1)
FNDA:0,(anonymous_2)
DA:1,10
DA:14,10
DA:15,17
DA:16,0
DA:17,0
DA:19,17
LF:6
LH:4
BRF:0
BRH:0
end_of_record
TN:
SF:/Users/kw/github/weex-toolkit/packages/@weex/core/src/extensions/open-extension.ts
FN:9,attach
FNF:1
FNH:1
FNDA:17,attach
DA:2,10
DA:9,10
DA:11,17
LF:3
LH:3
BRF:0
BRH:0
end_of_record
TN:
SF:/Users/kw/github/weex-toolkit/packages/@weex/core/src/extensions/patching-extension.ts
FN:9,attach
FNF:1
FNH:1
FNDA:18,attach
DA:2,11
DA:9,11
DA:10,18
LF:3
LH:3
BRF:0
BRH:0
end_of_record
TN:
SF:/Users/kw/github/weex-toolkit/packages/@weex/core/src/extensions/prompt-extension.ts
FN:9,attach
FNF:1
FNH:1
FNDA:18,attach
DA:2,11
DA:9,11
DA:10,18
LF:3
LH:3
BRF:0
BRH:0
end_of_record
TN:
SF:/Users/kw/github/weex-toolkit/packages/@weex/core/src/extensions/semver-extension.ts
FN:9,attach
FNF:1
FNH:1
FNDA:17,attach
DA:2,10
DA:9,10
DA:10,17
LF:3
LH:3
BRF:0
BRH:0
end_of_record
TN:
SF:/Users/kw/github/weex-toolkit/packages/@weex/core/src/extensions/strings-extension.ts
FN:9,attach
FNF:1
FNH:1
FNDA:18,attach
DA:1,11
DA:9,11
DA:10,18
LF:3
LH:3
BRF:0
BRH:0
end_of_record
TN:
SF:/Users/kw/github/weex-toolkit/packages/@weex/core/src/extensions/system-extension.ts
FN:9,attach
FNF:1
FNH:1
FNDA:18,attach
DA:2,11
DA:9,11
DA:10,18
LF:3
LH:3
BRF:0
BRH:0
end_of_record
TN:
SF:/Users/kw/github/weex-toolkit/packages/@weex/core/src/extensions/template-extension.ts
FN:38,attach
FN:40,(anonymous_13)
FN:44,(anonymous_14)
FN:57,generate
FN:58,(anonymous_18)
FN:67,(anonymous_19)
FN:92,(anonymous_20)
FN:99,(anonymous_21)
FN:123,render
FN:132,(anonymous_25)
FN:156,(anonymous_26)
FN:175,logMessage
FN:177,(anonymous_28)
FN:185,(anonymous_29)
FN:198,askQuestions
FN:199,(anonymous_31)
FN:211,ask
FN:214,(anonymous_33)
FN:229,prompt
FN:237,(anonymous_35)
FN:250,(anonymous_36)
FN:253,(anonymous_37)
FN:256,(anonymous_38)
FN:275,filterFiles
FN:276,(anonymous_40)
FN:290,filter
FN:295,(anonymous_42)
FN:296,(anonymous_43)
FN:312,evaluate
FN:330,renderTemplateFiles
FN:332,(anonymous_46)
FN:337,(anonymous_47)
FN:351,(anonymous_48)
FN:358,(anonymous_49)
FN:388,getOptions
FN:407,getMetadata
FN:431,setDefault
FN:455,setValidateName
FN:458,(anonymous_58)
FNF:39
FNH:25
FNDA:17,attach
FNDA:0,(anonymous_13)
FNDA:0,(anonymous_14)
FNDA:1,generate
FNDA:1,(anonymous_18)
FNDA:1,(anonymous_19)
FNDA:0,(anonymous_20)
FNDA:0,(anonymous_21)
FNDA:1,render
FNDA:0,(anonymous_25)
FNDA:1,(anonymous_26)
FNDA:1,logMessage
FNDA:0,(anonymous_28)
FNDA:0,(anonymous_29)
FNDA:1,askQuestions
FNDA:1,(anonymous_31)
FNDA:1,ask
FNDA:1,(anonymous_33)
FNDA:1,prompt
FNDA:0,(anonymous_35)
FNDA:0,(anonymous_36)
FNDA:0,(anonymous_37)
FNDA:0,(anonymous_38)
FNDA:1,filterFiles
FNDA:1,(anonymous_40)
FNDA:1,filter
FNDA:0,(anonymous_42)
FNDA:0,(anonymous_43)
FNDA:1,evaluate
FNDA:1,renderTemplateFiles
FNDA:1,(anonymous_46)
FNDA:1,(anonymous_47)
FNDA:1,(anonymous_48)
FNDA:1,(anonymous_49)
FNDA:1,getOptions
FNDA:1,getMetadata
FNDA:1,setDefault
FNDA:1,setValidateName
FNDA:0,(anonymous_58)
DA:2,10
DA:3,10
DA:5,10
DA:6,10
DA:7,10
DA:8,10
DA:9,10
DA:10,10
DA:11,10
DA:12,10
DA:13,10
DA:14,10
DA:16,10
DA:17,10
DA:20,10
DA:38,10
DA:40,17
DA:41,0
DA:44,17
DA:45,0
DA:58,1
DA:59,1
DA:60,1
DA:61,1
DA:62,1
DA:63,1
DA:68,1
DA:69,0
DA:70,0
DA:72,1
DA:73,1
DA:79,0
DA:80,0
DA:85,0
DA:86,0
DA:87,0
DA:89,0
DA:90,0
DA:92,0
DA:93,0
DA:94,0
DA:95,0
DA:100,0
DA:101,0
DA:102,0
DA:104,0
DA:105,0
DA:124,1
DA:125,1
DA:126,1
DA:131,1
DA:133,0
DA:136,1
DA:138,1
DA:139,1
DA:141,1
DA:146,1
DA:147,0
DA:148,1
DA:149,0
DA:152,1
DA:157,1
DA:158,1
DA:159,0
DA:160,0
DA:162,1
DA:166,1
DA:176,1
DA:177,0
DA:178,0
DA:179,0
DA:181,0
DA:185,0
DA:199,1
DA:200,1
DA:212,1
DA:215,1
DA:231,1
DA:232,1
DA:235,0
DA:236,0
DA:237,0
DA:238,0
DA:242,0
DA:250,0
DA:254,0
DA:255,0
DA:256,0
DA:257,0
DA:259,0
DA:260,0
DA:262,0
DA:264,0
DA:276,1
DA:277,1
DA:291,1
DA:292,0
DA:294,1
DA:295,1
DA:296,0
DA:297,0
DA:298,0
DA:299,0
DA:300,0
DA:305,1
DA:314,1
DA:315,1
DA:316,1
DA:318,0
DA:331,1
DA:332,1
DA:333,1
DA:334,1
DA:335,1
DA:339,1
DA:340,0
DA:342,1
DA:343,1
DA:344,1
DA:346,1
DA:347,0
DA:351,1
DA:352,1
DA:353,0
DA:354,0
DA:356,1
DA:358,1
DA:359,1
DA:360,0
DA:361,0
DA:363,1
DA:364,1
DA:367,1
DA:368,0
DA:369,0
DA:371,1
DA:389,1
DA:391,1
DA:392,1
DA:394,1
DA:395,0
DA:398,1
DA:408,1
DA:409,1
DA:410,1
DA:412,1
DA:413,0
DA:414,1
DA:415,1
DA:416,1
DA:417,0
DA:419,1
DA:421,1
DA:432,1
DA:433,0
DA:435,1
DA:436,0
DA:437,0
DA:439,1
DA:440,1
DA:441,0
DA:446,1
DA:456,1
DA:457,1
DA:458,1
DA:459,0
DA:460,0
DA:461,0
DA:462,0
DA:464,0
DA:465,0
DA:469,17
LF:172
LH:100
BRDA:41,0,0,0
BRDA:41,0,1,0
BRDA:45,1,0,0
BRDA:45,1,1,0
BRDA:60,2,0,1
BRDA:60,2,1,0
BRDA:62,3,0,1
BRDA:62,3,1,0
BRDA:68,4,0,0
BRDA:68,4,1,1
BRDA:89,5,0,0
BRDA:89,5,1,0
BRDA:94,6,0,0
BRDA:94,6,1,0
BRDA:100,7,0,0
BRDA:100,7,1,0
BRDA:107,8,0,0
BRDA:107,8,1,0
BRDA:131,9,0,1
BRDA:131,9,1,1
BRDA:138,10,0,1
BRDA:138,10,1,0
BRDA:138,11,0,1
BRDA:138,11,1,1
BRDA:146,12,0,0
BRDA:146,12,1,1
BRDA:148,13,0,0
BRDA:148,13,1,1
BRDA:148,14,0,1
BRDA:148,14,1,1
BRDA:158,15,0,0
BRDA:158,15,1,1
BRDA:176,16,0,1
BRDA:176,16,1,0
BRDA:178,17,0,0
BRDA:178,17,1,0
BRDA:231,18,0,1
BRDA:231,18,1,0
BRDA:231,19,0,1
BRDA:231,19,1,1
BRDA:236,20,0,0
BRDA:236,20,1,0
BRDA:245,21,0,0
BRDA:245,21,1,0
BRDA:247,22,0,0
BRDA:247,22,1,0
BRDA:247,22,2,0
BRDA:249,23,0,0
BRDA:249,23,1,0
BRDA:250,24,0,0
BRDA:250,24,1,0
BRDA:254,25,0,0
BRDA:254,25,1,0
BRDA:259,26,0,0
BRDA:259,26,1,0
BRDA:291,27,0,0
BRDA:291,27,1,1
BRDA:297,28,0,0
BRDA:297,28,1,0
BRDA:299,29,0,0
BRDA:299,29,1,0
BRDA:331,30,0,0
BRDA:331,30,1,1
BRDA:339,31,0,0
BRDA:339,31,1,1
BRDA:339,32,0,1
BRDA:339,32,1,0
BRDA:346,33,0,0
BRDA:346,33,1,1
BRDA:346,34,0,1
BRDA:346,34,1,0
BRDA:352,35,0,0
BRDA:352,35,1,1
BRDA:359,36,0,0
BRDA:359,36,1,1
BRDA:367,37,0,0
BRDA:367,37,1,1
BRDA:414,38,0,1
BRDA:414,38,1,0
BRDA:416,39,0,0
BRDA:416,39,1,1
BRDA:432,40,0,0
BRDA:432,40,1,1
BRDA:435,41,0,0
BRDA:435,41,1,1
BRDA:439,42,0,1
BRDA:439,42,1,0
BRDA:440,43,0,0
BRDA:440,43,1,1
BRDA:440,44,0,1
BRDA:440,44,1,1
BRDA:456,45,0,1
BRDA:456,45,1,0
BRDA:460,46,0,0
BRDA:460,46,1,0
BRDA:461,47,0,0
BRDA:461,47,1,0
BRDA:461,48,0,0
BRDA:461,48,1,0
BRDA:464,49,0,0
BRDA:464,49,1,0
BRF:101
BRH:35
end_of_record
TN:
SF:/Users/kw/github/weex-toolkit/packages/@weex/core/src/fixtures/bad-modules/blank.js
FNF:0
FNH:0
LF:0
LH:0
BRF:0
BRH:0
end_of_record
TN:
SF:/Users/kw/github/weex-toolkit/packages/@weex/core/src/fixtures/bad-modules/number.js
FNF:0
FNH:0
DA:1,1
LF:1
LH:1
BRF:0
BRH:0
end_of_record
TN:
SF:/Users/kw/github/weex-toolkit/packages/@weex/core/src/fixtures/bad-modules/object.js
FNF:0
FNH:0
DA:2,1
LF:1
LH:1
BRF:0
BRH:0
end_of_record
TN:
SF:/Users/kw/github/weex-toolkit/packages/@weex/core/src/fixtures/bad-modules/text.js
FNF:0
FNH:0
DA:1,3
LF:1
LH:1
BRF:0
BRH:0
end_of_record
TN:
SF:/Users/kw/github/weex-toolkit/packages/@weex/core/src/fixtures/good-modules/async-function.js
FN:1,(anonymous_0)
FN:2,(anonymous_1)
FN:7,hi
FNF:3
FNH:3
FNDA:1,(anonymous_0)
FNDA:1,(anonymous_1)
FNDA:1,hi
DA:1,1
DA:2,1
DA:3,1
DA:8,1
DA:9,1
DA:12,1
LF:6
LH:6
BRF:0
BRH:0
end_of_record
TN:
SF:/Users/kw/github/weex-toolkit/packages/@weex/core/src/fixtures/good-modules/module-exports-fat-arrow-fn.js
FN:1,(anonymous_0)
FNF:1
FNH:1
FNDA:1,(anonymous_0)
DA:1,2
LF:1
LH:1
BRF:0
BRH:0
end_of_record
TN:
SF:/Users/kw/github/weex-toolkit/packages/@weex/core/src/fixtures/good-modules/module-exports-function.js
FN:1,hi
FNF:1
FNH:1
FNDA:1,hi
DA:1,1
DA:2,1
LF:2
LH:2
BRF:0
BRH:0
end_of_record
TN:
SF:/Users/kw/github/weex-toolkit/packages/@weex/core/src/fixtures/good-modules/module-exports-object.js
FN:2,hi
FNF:1
FNH:1
FNDA:1,hi
DA:1,3
DA:3,1
LF:2
LH:2
BRF:0
BRH:0
end_of_record
TN:
SF:/Users/kw/github/weex-toolkit/packages/@weex/core/src/fixtures/good-plugins/args/args.config.js
FNF:0
FNH:0
DA:1,3
LF:1
LH:1
BRF:0
BRH:0
end_of_record
TN:
SF:/Users/kw/github/weex-toolkit/packages/@weex/core/src/fixtures/good-plugins/args/commands/config.js
FN:1,config
FNF:1
FNH:1
FNDA:2,config
DA:2,2
DA:5,3
LF:2
LH:2
BRDA:2,0,0,2
BRDA:2,0,1,0
BRF:2
BRH:1
end_of_record
TN:
SF:/Users/kw/github/weex-toolkit/packages/@weex/core/src/fixtures/good-plugins/args/commands/hello.js
FN:1,hello
FNF:1
FNH:1
FNDA:2,hello
DA:2,2
DA:3,2
DA:4,2
DA:6,0
DA:10,3
LF:5
LH:4
BRDA:3,0,0,2
BRDA:3,0,1,0
BRF:2
BRH:1
end_of_record
TN:
SF:/Users/kw/github/weex-toolkit/packages/@weex/core/src/fixtures/good-plugins/auto-detect/commands/detectCommand.js
FN:1,(anonymous_0)
FNF:1
FNH:0
FNDA:0,(anonymous_0)
DA:1,2
LF:1
LH:1
BRF:0
BRH:0
end_of_record
TN:
SF:/Users/kw/github/weex-toolkit/packages/@weex/core/src/fixtures/good-plugins/auto-detect/extensions/detectExtension.js
FN:1,(anonymous_0)
FNF:1
FNH:0
FNDA:0,(anonymous_0)
DA:1,2
DA:2,0
LF:2
LH:1
BRF:0
BRH:0
end_of_record
TN:
SF:/Users/kw/github/weex-toolkit/packages/@weex/core/src/fixtures/good-plugins/blank-name/blank-name.config.js
FNF:0
FNH:0
DA:1,2
LF:1
LH:1
BRF:0
BRH:0
end_of_record
TN:
SF:/Users/kw/github/weex-toolkit/packages/@weex/core/src/fixtures/good-plugins/excluded/commands/bar.js
FN:3,(anonymous_0)
FNF:1
FNH:0
FNDA:0,(anonymous_0)
DA:1,2
LF:1
LH:1
BRF:0
BRH:0
end_of_record
TN:
SF:/Users/kw/github/weex-toolkit/packages/@weex/core/src/fixtures/good-plugins/excluded/commands/foo.js
FN:3,(anonymous_0)
FNF:1
FNH:0
FNDA:0,(anonymous_0)
DA:1,2
LF:1
LH:1
BRF:0
BRH:0
end_of_record
TN:
SF:/Users/kw/github/weex-toolkit/packages/@weex/core/src/fixtures/good-plugins/excluded/extensions/baz-extension.js
FN:1,(anonymous_0)
FNF:1
FNH:0
FNDA:0,(anonymous_0)
DA:1,2
DA:2,0
LF:2
LH:1
BRF:0
BRH:0
end_of_record
TN:
SF:/Users/kw/github/weex-toolkit/packages/@weex/core/src/fixtures/good-plugins/front-matter/commands/full.js
FN:1,jimmy
FNF:1
FNH:1
FNDA:1,jimmy
DA:2,1
DA:5,2
LF:2
LH:2
BRF:0
BRH:0
end_of_record
TN:
SF:/Users/kw/github/weex-toolkit/packages/@weex/core/src/fixtures/good-plugins/front-matter/extensions/hello.js
FN:6,(anonymous_0)
FNF:1
FNH:1
FNDA:1,(anonymous_0)
DA:6,3
DA:7,1
LF:2
LH:2
BRF:0
BRH:0
end_of_record
TN:
SF:/Users/kw/github/weex-toolkit/packages/@weex/core/src/fixtures/good-plugins/generate/commands/simple.js
FN:4,simple
FNF:1
FNH:1
FNDA:1,simple
DA:1,2
DA:2,2
DA:5,1
DA:6,1
DA:7,1
DA:9,1
DA:10,1
DA:13,2
LF:8
LH:8
BRF:0
BRH:0
end_of_record
TN:
SF:/Users/kw/github/weex-toolkit/packages/@weex/core/src/fixtures/good-plugins/generate/templates/simple/meta.js
FN:6,(anonymous_0)
FNF:1
FNH:1
FNDA:1,(anonymous_0)
DA:1,1
DA:2,1
DA:3,1
DA:7,1
LF:4
LH:4
BRF:0
BRH:0
end_of_record
TN:
SF:/Users/kw/github/weex-toolkit/packages/@weex/core/src/fixtures/good-plugins/hidden/commands/hide.js
FN:1,hide
FNF:1
FNH:0
FNDA:0,hide
DA:2,0
DA:5,1
LF:2
LH:1
BRF:0
BRH:0
end_of_record
TN:
SF:/Users/kw/github/weex-toolkit/packages/@weex/core/src/fixtures/good-plugins/missing-name/commands/foo.js
FN:2,(anonymous_0)
FNF:1
FNH:1
FNDA:1,(anonymous_0)
DA:1,3
DA:2,1
LF:2
LH:2
BRF:0
BRH:0
end_of_record
TN:
SF:/Users/kw/github/weex-toolkit/packages/@weex/core/src/fixtures/good-plugins/nested/commands/nested.js
FN:3,(anonymous_0)
FNF:1
FNH:0
FNDA:0,(anonymous_0)
DA:1,3
LF:1
LH:1
BRF:0
BRH:0
end_of_record
TN:
SF:/Users/kw/github/weex-toolkit/packages/@weex/core/src/fixtures/good-plugins/nested/commands/implied/bar.js
FN:2,(anonymous_0)
FNF:1
FNH:1
FNDA:1,(anonymous_0)
DA:1,3
DA:2,1
LF:2
LH:2
BRF:0
BRH:0
end_of_record
TN:
SF:/Users/kw/github/weex-toolkit/packages/@weex/core/src/fixtures/good-plugins/nested/commands/thing/foo.js
FN:4,(anonymous_0)
FNF:1
FNH:1
FNDA:2,(anonymous_0)
DA:1,3
DA:4,2
LF:2
LH:2
BRF:0
BRH:0
end_of_record
TN:
SF:/Users/kw/github/weex-toolkit/packages/@weex/core/src/fixtures/good-plugins/nested/commands/thing/thing.js
FN:4,(anonymous_0)
FNF:1
FNH:0
FNDA:0,(anonymous_0)
DA:1,3
LF:1
LH:1
BRF:0
BRH:0
end_of_record
TN:
SF:/Users/kw/github/weex-toolkit/packages/@weex/core/src/fixtures/good-plugins/threepack/commands/one.js
FN:1,one
FNF:1
FNH:1
FNDA:3,one
DA:2,3
DA:5,6
LF:2
LH:2
BRF:0
BRH:0
end_of_record
TN:
SF:/Users/kw/github/weex-toolkit/packages/@weex/core/src/fixtures/good-plugins/threepack/commands/three.js
FN:3,three
FNF:1
FNH:1
FNDA:3,three
DA:1,6
DA:4,3
DA:7,6
LF:3
LH:3
BRF:0
BRH:0
end_of_record
TN:
SF:/Users/kw/github/weex-toolkit/packages/@weex/core/src/fixtures/good-plugins/threepack/commands/two.js
FN:1,omgTwo
FNF:1
FNH:1
FNDA:1,omgTwo
DA:2,1
DA:5,6
LF:2
LH:2
BRF:0
BRH:0
end_of_record
TN:
SF:/Users/kw/github/weex-toolkit/packages/@weex/core/src/fixtures/good-plugins/throws/commands/throw.js
FN:1,thrower
FNF:1
FNH:1
FNDA:1,thrower
DA:2,1
DA:5,2
LF:2
LH:2
BRF:0
BRH:0
end_of_record
TN:
SF:/Users/kw/github/weex-toolkit/packages/@weex/core/src/loaders/command-loader.ts
FN:14,loadCommandFromFile
FN:33,(anonymous_1)
FN:64,loadCommandFromPreload
FNF:3
FNH:3
FNDA:89,loadCommandFromFile
FNDA:141,(anonymous_1)
FNDA:2,loadCommandFromPreload
DA:1,12
DA:2,12
DA:3,12
DA:4,12
DA:5,12
DA:14,178
DA:15,89
DA:18,89
DA:19,1
DA:23,88
DA:24,1
DA:28,87
DA:30,87
DA:32,87
DA:33,141
DA:37,87
DA:38,87
DA:39,5
DA:43,87
DA:46,86
DA:49,86
DA:51,86
DA:52,85
DA:53,85
DA:54,85
DA:55,85
DA:56,85
DA:58,1
DA:61,85
DA:64,12
DA:65,2
DA:66,2
DA:67,2
DA:68,2
DA:69,2
DA:70,2
DA:71,2
DA:72,2
DA:73,2
DA:74,2
LF:40
LH:40
BRDA:14,0,0,89
BRDA:14,0,1,0
BRDA:18,1,0,1
BRDA:18,1,1,88
BRDA:23,2,0,1
BRDA:23,2,1,87
BRDA:32,3,0,87
BRDA:32,3,1,87
BRDA:33,4,0,87
BRDA:33,4,1,54
BRDA:38,5,0,5
BRDA:38,5,1,82
BRDA:38,6,0,87
BRDA:38,6,1,18
BRDA:46,7,0,86
BRDA:46,7,1,86
BRDA:49,8,0,86
BRDA:49,8,1,86
BRDA:49,8,2,86
BRDA:51,9,0,85
BRDA:51,9,1,1
BRDA:52,10,0,85
BRDA:52,10,1,9
BRDA:55,11,0,0
BRDA:55,11,1,85
BRDA:73,12,0,2
BRDA:73,12,1,2
BRF:27
BRH:25
end_of_record
TN:
SF:/Users/kw/github/weex-toolkit/packages/@weex/core/src/loaders/config-loader.ts
FN:10,loadConfig
FNF:1
FNH:1
FNDA:49,loadConfig
DA:1,11
DA:10,11
DA:12,49
DA:14,49
DA:15,49
LF:5
LH:5
BRDA:14,0,0,49
BRDA:14,0,1,20
BRDA:14,0,2,29
BRF:3
BRH:3
end_of_record
TN:
SF:/Users/kw/github/weex-toolkit/packages/@weex/core/src/loaders/extension-loader.ts
FN:13,loadExtensionFromFile
FNF:1
FNH:1
FNDA:13,loadExtensionFromFile
DA:1,12
DA:2,12
DA:3,12
DA:4,12
DA:5,12
DA:13,22
DA:14,13
DA:17,13
DA:18,1
DA:21,12
DA:24,12
DA:25,1
DA:29,11
DA:32,11
DA:35,10
DA:38,10
DA:40,10
DA:41,9
DA:43,1
DA:46,9
LF:20
LH:20
BRDA:13,0,0,9
BRDA:13,0,1,4
BRDA:17,1,0,1
BRDA:17,1,1,12
BRDA:24,2,0,1
BRDA:24,2,1,11
BRDA:35,3,0,10
BRDA:35,3,1,10
BRDA:38,4,0,10
BRDA:38,4,1,10
BRDA:40,5,0,9
BRDA:40,5,1,1
BRF:12
BRH:12
end_of_record
TN:
SF:/Users/kw/github/weex-toolkit/packages/@weex/core/src/loaders/module-loader.ts
FN:5,loadModule
FNF:1
FNH:1
FNDA:118,loadModule
DA:1,14
DA:2,14
DA:5,14
DA:6,118
DA:7,8
DA:9,110
DA:10,2
DA:13,108
DA:14,108
LF:9
LH:9
BRDA:6,0,0,8
BRDA:6,0,1,110
BRDA:9,1,0,2
BRDA:9,1,1,108
BRF:4
BRH:4
end_of_record
TN:
SF:/Users/kw/github/weex-toolkit/packages/@weex/core/src/loaders/plugin-loader.ts
FN:17,loadPluginFromDirectory
FN:57,(anonymous_1)
FN:65,(anonymous_2)
FN:81,(anonymous_3)
FN:85,(anonymous_4)
FNF:5
FNH:5
FNDA:47,loadPluginFromDirectory
FNDA:84,(anonymous_1)
FNDA:8,(anonymous_2)
FNDA:9,(anonymous_3)
FNDA:84,(anonymous_4)
DA:1,11
DA:2,11
DA:3,11
DA:5,11
DA:6,11
DA:7,11
DA:8,11
DA:9,11
DA:17,57
DA:18,47
DA:22,94
DA:23,94
DA:24,94
DA:25,94
DA:26,47
DA:29,47
DA:31,47
DA:32,2
DA:36,47
DA:37,1
DA:40,46
DA:43,46
DA:44,44
DA:47,46
DA:50,46
DA:53,46
DA:54,38
DA:56,38
DA:57,84
DA:62,46
DA:63,8
DA:65,8
DA:67,38
DA:71,46
DA:74,46
DA:75,46
DA:76,46
DA:77,46
DA:80,46
DA:81,9
DA:85,84
DA:87,46
LF:42
LH:42
BRDA:17,0,0,10
BRDA:17,0,1,37
BRDA:22,1,0,45
BRDA:22,1,1,2
BRDA:23,2,0,47
BRDA:23,2,1,0
BRDA:24,3,0,47
BRDA:24,3,1,0
BRDA:25,4,0,44
BRDA:25,4,1,3
BRDA:31,5,0,2
BRDA:31,5,1,45
BRDA:36,6,0,1
BRDA:36,6,1,46
BRDA:43,7,0,44
BRDA:43,7,1,2
BRDA:50,8,0,46
BRDA:50,8,1,46
BRDA:53,9,0,38
BRDA:53,9,1,8
BRDA:62,10,0,8
BRDA:62,10,1,38
BRDA:74,11,0,46
BRDA:74,11,1,29
BRDA:76,12,0,46
BRDA:76,12,1,29
BRDA:80,13,0,3
BRDA:80,13,1,43
BRF:28
BRH:26
end_of_record
TN:
SF:/Users/kw/github/weex-toolkit/packages/@weex/core/src/runtime/run.ts
FN:15,run
FN:60,(anonymous_15)
FNF:2
FNH:2
FNDA:18,run
FNDA:187,(anonymous_15)
DA:1,10
DA:2,10
DA:3,10
DA:5,10
DA:15,34
DA:17,18
DA:20,18
DA:23,18
DA:25,18
DA:27,18
DA:30,18
DA:31,1
DA:35,17
DA:45,17
DA:46,17
DA:47,17
DA:48,17
DA:51,17
DA:52,17
DA:58,0
DA:60,187
DA:63,17
DA:66,16
LF:23
LH:22
BRDA:15,0,0,16
BRDA:15,0,1,2
BRDA:17,1,0,18
BRDA:17,1,1,1
BRDA:30,2,0,1
BRDA:30,2,1,17
BRDA:45,3,0,17
BRDA:45,3,1,0
BRDA:54,4,0,17
BRDA:54,4,1,13
BRDA:54,4,2,16
BRF:11
BRH:10
end_of_record
TN:
SF:/Users/kw/github/weex-toolkit/packages/@weex/core/src/runtime/runtime-find-command.ts
FN:15,findCommand
FN:40,(anonymous_1)
FN:48,(anonymous_2)
FN:69,sortCommands
FN:74,findDashedCommand
FN:75,(anonymous_5)
FN:76,(anonymous_6)
FN:76,(anonymous_7)
FNF:8
FNH:6
FNDA:18,findCommand
FNDA:30,(anonymous_1)
FNDA:66,(anonymous_2)
FNDA:110,sortCommands
FNDA:1,findDashedCommand
FNDA:0,(anonymous_5)
FNDA:8,(anonymous_6)
FNDA:0,(anonymous_7)
DA:1,10
DA:15,10
DA:20,18
DA:24,18
DA:25,18
DA:29,18
DA:32,18
DA:33,1
DA:36,18
DA:40,18
DA:42,30
DA:45,30
DA:48,66
DA:50,30
DA:52,18
DA:55,18
DA:58,18
DA:61,12
DA:65,18
DA:70,110
DA:75,1
DA:76,8
LF:22
LH:22
BRDA:32,0,0,1
BRDA:32,0,1,17
BRDA:33,1,0,1
BRDA:33,1,1,1
BRDA:48,2,0,66
BRDA:48,2,1,31
BRDA:50,3,0,18
BRDA:50,3,1,12
BRDA:70,4,0,11
BRDA:70,4,1,99
BRF:10
BRH:10
end_of_record
TN:
SF:/Users/kw/github/weex-toolkit/packages/@weex/core/src/runtime/runtime.ts
FN:27,(anonymous_1)
FN:41,Runtime
FN:51,(anonymous_3)
FN:65,(anonymous_4)
FN:65,(anonymous_5)
FN:76,(anonymous_6)
FN:98,(anonymous_7)
FN:103,(anonymous_8)
FN:124,(anonymous_9)
FN:137,(anonymous_10)
FN:156,(anonymous_11)
FN:174,(anonymous_12)
FN:175,(anonymous_13)
FN:186,(anonymous_14)
FN:195,(anonymous_15)
FNF:15
FNH:15
FNDA:10,(anonymous_1)
FNDA:27,Runtime
FNDA:27,(anonymous_3)
FNDA:297,(anonymous_4)
FNDA:297,(anonymous_5)
FNDA:72,(anonymous_6)
FNDA:210,(anonymous_7)
FNDA:213,(anonymous_8)
FNDA:300,(anonymous_9)
FNDA:3,(anonymous_10)
FNDA:37,(anonymous_11)
FNDA:3,(anonymous_12)
FNDA:71,(anonymous_13)
FNDA:7,(anonymous_14)
FNDA:15,(anonymous_15)
DA:2,10
DA:3,10
DA:6,10
DA:13,10
DA:14,10
DA:15,10
DA:18,10
DA:19,10
DA:22,10
DA:27,10
DA:29,27
DA:30,27
DA:31,27
DA:32,27
DA:33,27
DA:34,27
DA:35,27
DA:42,27
DA:43,27
DA:51,54
DA:52,27
DA:65,297
DA:66,297
DA:76,72
DA:77,72
DA:78,0
DA:84,72
DA:88,72
DA:89,1
DA:90,1
DA:92,72
DA:94,1
DA:98,210
DA:99,72
DA:103,72
DA:104,213
DA:105,210
DA:106,206
DA:107,191
DA:108,191
DA:111,72
DA:124,10
DA:125,300
DA:126,300
DA:127,300
DA:137,10
DA:138,3
DA:141,3
DA:142,3
DA:144,3
DA:146,3
DA:156,54
DA:157,37
DA:158,2
DA:159,1
DA:161,1
DA:165,35
DA:173,35
DA:174,35
DA:175,71
DA:176,35
DA:186,12
DA:187,7
DA:188,4
DA:192,3
DA:195,15
DA:197,10
LF:67
LH:66
BRDA:51,0,0,27
BRDA:51,0,1,0
BRDA:77,1,0,0
BRDA:77,1,1,72
BRDA:77,2,0,72
BRDA:77,2,1,1
BRDA:84,3,0,71
BRDA:84,3,1,1
BRDA:88,4,0,1
BRDA:88,4,1,71
BRDA:92,5,0,1
BRDA:92,5,1,71
BRDA:98,6,0,72
BRDA:98,6,1,0
BRDA:104,7,0,3
BRDA:104,7,1,210
BRDA:105,8,0,4
BRDA:105,8,1,206
BRDA:106,9,0,15
BRDA:106,9,1,191
BRDA:107,10,0,0
BRDA:107,10,1,191
BRDA:125,11,0,300
BRDA:125,11,1,3
BRDA:137,12,0,3
BRDA:137,12,1,0
BRDA:141,13,0,3
BRDA:141,13,1,0
BRDA:156,14,0,17
BRDA:156,14,1,20
BRDA:157,15,0,2
BRDA:157,15,1,35
BRDA:158,16,0,1
BRDA:158,16,1,1
BRDA:186,17,0,5
BRDA:186,17,1,2
BRDA:187,18,0,4
BRDA:187,18,1,3
BRDA:187,19,0,7
BRDA:187,19,1,4
BRF:40
BRH:34
end_of_record
TN:
SF:/Users/kw/github/weex-toolkit/packages/@weex/core/src/toolbox/fs-tools.ts
FN:15,isFile
FN:33,isDirectory
FN:54,subdirectories
FN:83,isLocalPath
FN:93,getAbsolutePath
FNF:5
FNH:5
FNDA:227,isFile
FNDA:99,isDirectory
FNDA:8,subdirectories
FNDA:3,isLocalPath
FNDA:3,getAbsolutePath
DA:1,17
DA:2,17
DA:3,17
DA:4,17
DA:5,17
DA:7,17
DA:16,227
DA:25,17
DA:34,99
DA:43,17
DA:56,11
DA:57,13
DA:58,13
DA:60,8
DA:61,2
DA:63,6
DA:70,6
DA:71,2
DA:73,4
DA:84,3
DA:94,3
DA:97,17
DA:113,17
LF:23
LH:23
BRDA:56,0,0,3
BRDA:56,0,1,5
BRDA:57,1,0,5
BRDA:57,1,1,3
BRDA:58,2,0,5
BRDA:58,2,1,3
BRDA:60,3,0,2
BRDA:60,3,1,6
BRDA:60,4,0,8
BRDA:60,4,1,7
BRDA:70,5,0,2
BRDA:70,5,1,4
BRDA:94,6,0,2
BRDA:94,6,1,1
BRF:14
BRH:14
end_of_record
TN:
SF:/Users/kw/github/weex-toolkit/packages/@weex/core/src/toolbox/http-tools.ts
FNF:0
FNH:0
DA:1,11
DA:2,11
DA:4,11
DA:6,11
LF:4
LH:4
BRF:0
BRH:0
end_of_record
TN:
SF:/Users/kw/github/weex-toolkit/packages/@weex/core/src/toolbox/logger-tools.ts
FN:16,(anonymous_1)
FN:79,newline
FN:86,divider
FN:96,findWidths
FN:99,(anonymous_5)
FN:99,(anonymous_6)
FN:108,columnHeaderDivider
FN:109,(anonymous_8)
FN:118,table
FN:150,setLevel
FN:162,log
FN:175,info
FN:188,error
FN:201,warn
FN:214,debug
FN:231,success
FN:241,spin
FN:245,progress
FN:254,printCommands
FN:261,printHelp
FNF:20
FNH:18
FNDA:1,(anonymous_1)
FNDA:1,newline
FNDA:1,divider
FNDA:1,findWidths
FNDA:2,(anonymous_5)
FNDA:4,(anonymous_6)
FNDA:1,columnHeaderDivider
FNDA:2,(anonymous_8)
FNDA:2,table
FNDA:1,setLevel
FNDA:1,log
FNDA:2,info
FNDA:2,error
FNDA:2,warn
FNDA:3,debug
FNDA:3,success
FNDA:1,spin
FNDA:1,progress
FNDA:0,printCommands
FNDA:0,printHelp
DA:1,12
DA:2,12
DA:3,12
DA:4,12
DA:6,12
DA:7,12
DA:10,12
DA:12,12
DA:16,12
DA:18,12
DA:36,12
DA:43,12
DA:52,12
DA:61,12
DA:66,12
DA:80,1
DA:87,1
DA:97,1
DA:99,4
DA:109,2
DA:118,3
DA:120,2
DA:122,1
DA:123,1
DA:127,1
DA:128,1
DA:129,1
DA:131,0
DA:132,0
DA:133,0
DA:135,1
DA:138,1
DA:140,2
DA:151,1
DA:163,1
DA:164,1
DA:176,2
DA:177,1
DA:189,2
DA:190,2
DA:202,2
DA:203,1
DA:214,5
DA:215,3
DA:216,3
DA:217,3
DA:218,0
DA:219,0
DA:220,0
DA:232,3
DA:242,1
DA:246,1
DA:255,0
DA:257,0
DA:258,0
DA:263,0
DA:265,0
DA:266,0
DA:269,12
DA:270,12
DA:272,12
DA:294,12
LF:62
LH:50
BRDA:99,0,0,4
BRDA:99,0,1,2
BRDA:118,1,0,1
BRDA:118,1,1,1
BRDA:121,2,0,1
BRDA:121,2,1,0
BRDA:121,2,2,1
BRDA:163,3,0,1
BRDA:163,3,1,0
BRDA:176,4,0,1
BRDA:176,4,1,1
BRDA:189,5,0,2
BRDA:189,5,1,0
BRDA:202,6,0,1
BRDA:202,6,1,1
BRDA:214,7,0,2
BRDA:214,7,1,1
BRDA:217,8,0,0
BRDA:217,8,1,3
BRDA:242,9,0,1
BRDA:242,9,1,1
BRF:21
BRH:17
end_of_record
TN:
SF:/Users/kw/github/weex-toolkit/packages/@weex/core/src/toolbox/meta-tools.ts
FN:10,getVersion
FN:51,commandInfo
FN:54,(anonymous_2)
FN:60,(anonymous_3)
FNF:4
FNH:3
FNDA:0,getVersion
FNDA:1,commandInfo
FNDA:1,(anonymous_2)
FNDA:1,(anonymous_3)
DA:1,12
DA:2,12
DA:10,12
DA:11,0
DA:12,0
DA:13,0
DA:17,0
DA:18,0
DA:21,0
DA:22,0
DA:26,0
DA:27,0
DA:28,0
DA:29,0
DA:33,0
DA:35,0
DA:41,12
DA:51,12
DA:52,1
DA:55,1
DA:56,1
DA:58,0
DA:61,1
DA:62,1
LF:24
LH:10
BRDA:11,0,0,0
BRDA:11,0,1,0
BRDA:12,1,0,0
BRDA:12,1,1,0
BRDA:21,2,0,0
BRDA:21,2,1,0
BRDA:28,3,0,0
BRDA:28,3,1,0
BRDA:28,4,0,0
BRDA:28,4,1,0
BRDA:55,5,0,1
BRDA:55,5,1,0
BRDA:61,6,0,1
BRDA:61,6,1,0
BRDA:64,7,0,1
BRDA:64,7,1,0
BRF:16
BRH:3
end_of_record
TN:
SF:/Users/kw/github/weex-toolkit/packages/@weex/core/src/toolbox/open-tools.ts
FN:15,open
FN:56,escape
FNF:2
FNH:0
FNDA:0,open
FNDA:0,escape
DA:1,10
DA:2,10
DA:18,0
DA:19,0
DA:20,0
DA:23,0
DA:25,0
DA:26,0
DA:28,0
DA:30,0
DA:34,0
DA:35,0
DA:37,0
DA:39,0
DA:41,0
DA:42,0
DA:45,0
DA:47,0
DA:50,0
DA:51,0
DA:53,0
DA:57,0
DA:60,10
LF:23
LH:3
BRDA:18,0,0,0
BRDA:18,0,1,0
BRDA:24,1,0,0
BRDA:24,1,1,0
BRDA:24,1,2,0
BRDA:25,2,0,0
BRDA:25,2,1,0
BRDA:34,3,0,0
BRDA:34,3,1,0
BRDA:41,4,0,0
BRDA:41,4,1,0
BRDA:50,5,0,0
BRDA:50,5,1,0
BRF:13
BRH:0
end_of_record
TN:
SF:/Users/kw/github/weex-toolkit/packages/@weex/core/src/toolbox/parameter-tools.ts
FN:15,parseParams
FN:40,createParams
FNF:2
FNH:2
FNDA:18,parseParams
FNDA:17,createParams
DA:1,10
DA:2,10
DA:6,10
DA:15,18
DA:17,18
DA:18,17
DA:22,18
DA:23,1
DA:27,18
DA:28,18
DA:29,18
DA:30,18
DA:31,18
DA:40,10
DA:42,17
DA:44,17
DA:47,17
DA:50,17
LF:18
LH:18
BRDA:15,0,0,0
BRDA:15,0,1,18
BRDA:17,1,0,17
BRDA:17,1,1,1
BRDA:22,2,0,1
BRDA:22,2,1,17
BRF:6
BRH:5
end_of_record
TN:
SF:/Users/kw/github/weex-toolkit/packages/@weex/core/src/toolbox/patching-tools.ts
FN:12,exists
FN:43,update
FN:66,prepend
FN:67,(anonymous_21)
FN:76,append
FN:77,(anonymous_25)
FN:87,replace
FN:88,(anonymous_29)
FN:108,patch
FN:109,(anonymous_33)
FN:112,readFile
FN:125,patchString
FN:145,insertNextToString
FNF:13
FNH:13
FNDA:3,exists
FNDA:10,update
FNDA:1,prepend
FNDA:1,(anonymous_21)
FNDA:1,append
FNDA:1,(anonymous_25)
FNDA:1,replace
FNDA:1,(anonymous_29)
FNDA:4,patch
FNDA:4,(anonymous_33)
FNDA:10,readFile
FNDA:4,patchString
FNDA:2,insertNextToString
DA:1,11
DA:2,11
DA:3,11
DA:12,11
DA:14,3
DA:15,0
DA:19,3
DA:20,3
DA:21,0
DA:26,3
DA:29,3
DA:30,0
DA:34,3
DA:43,11
DA:47,10
DA:50,10
DA:53,1
DA:54,18
DA:57,10
DA:66,11
DA:67,1
DA:76,11
DA:77,1
DA:87,11
DA:88,1
DA:108,11
DA:109,4
DA:112,11
DA:114,10
DA:115,0
DA:119,10
DA:122,10
DA:125,11
DA:127,4
DA:128,0
DA:132,4
DA:134,4
DA:135,2
DA:136,0
DA:139,2
DA:141,2
DA:147,2
DA:148,2
DA:149,0
DA:152,2
DA:153,2
DA:156,11
DA:158,11
LF:48
LH:41
BRDA:14,0,0,0
BRDA:14,0,1,3
BRDA:14,1,0,3
BRDA:14,1,1,3
BRDA:20,2,0,0
BRDA:20,2,1,3
BRDA:20,3,0,3
BRDA:20,3,1,1
BRDA:29,4,0,0
BRDA:29,4,1,3
BRDA:34,5,0,1
BRDA:34,5,1,2
BRDA:108,6,0,0
BRDA:108,6,1,4
BRDA:114,7,0,0
BRDA:114,7,1,10
BRDA:119,8,0,1
BRDA:119,8,1,9
BRDA:125,9,0,0
BRDA:125,9,1,4
BRDA:127,10,0,0
BRDA:127,10,1,4
BRDA:127,11,0,4
BRDA:127,11,1,0
BRDA:132,12,0,4
BRDA:132,12,1,3
BRDA:134,13,0,2
BRDA:134,13,1,2
BRDA:135,14,0,0
BRDA:135,14,1,2
BRDA:139,15,0,2
BRDA:139,15,1,1
BRDA:147,16,0,2
BRDA:147,16,1,1
BRDA:148,17,0,0
BRDA:148,17,1,2
BRDA:152,18,0,1
BRDA:152,18,1,1
BRDA:152,19,0,1
BRDA:152,19,1,0
BRDA:152,20,0,1
BRDA:152,20,1,0
BRF:42
BRH:30
end_of_record
TN:
SF:/Users/kw/github/weex-toolkit/packages/@weex/core/src/toolbox/prompt-tools.ts
FN:31,(anonymous_12)
FNF:1
FNH:0
FNDA:0,(anonymous_12)
DA:1,11
DA:2,11
DA:3,11
DA:4,11
DA:5,11
DA:6,11
DA:7,11
DA:8,11
DA:9,11
DA:10,11
DA:12,11
DA:14,11
DA:15,11
DA:16,11
DA:17,11
DA:18,11
DA:19,11
DA:20,11
DA:21,11
DA:22,11
DA:23,11
DA:31,11
DA:32,0
DA:37,0
DA:41,11
DA:43,11
DA:45,11
LF:27
LH:25
BRF:0
BRH:0
end_of_record
TN:
SF:/Users/kw/github/weex-toolkit/packages/@weex/core/src/toolbox/semver-tools.ts
FNF:0
FNH:0
DA:1,10
DA:2,10
DA:4,10
DA:6,10
LF:4
LH:4
BRF:0
BRH:0
end_of_record
TN:
SF:/Users/kw/github/weex-toolkit/packages/@weex/core/src/toolbox/string-tools.ts
FN:27,isNotString
FN:37,isBlank
FN:47,identity
FN:57,pascalCase
FNF:4
FNH:4
FNDA:338,isNotString
FNDA:332,isBlank
FNDA:1,identity
FNDA:2,pascalCase
DA:1,20
DA:3,20
DA:4,20
DA:5,20
DA:6,20
DA:7,20
DA:8,20
DA:9,20
DA:10,20
DA:11,20
DA:12,20
DA:13,20
DA:14,20
DA:15,20
DA:16,20
DA:17,20
DA:18,20
DA:19,20
DA:28,338
DA:38,332
DA:48,1
DA:58,2
DA:64,20
DA:66,20
LF:24
LH:24
BRDA:38,0,0,332
BRDA:38,0,1,233
BRF:2
BRH:2
end_of_record
TN:
SF:/Users/kw/github/weex-toolkit/packages/@weex/core/src/toolbox/system-tools.ts
FN:16,run
FN:20,(anonymous_15)
FN:21,(anonymous_16)
FN:38,exec
FN:39,(anonymous_20)
FN:42,(anonymous_21)
FN:43,(anonymous_22)
FN:54,spawn
FN:55,(anonymous_26)
FN:64,(anonymous_27)
FN:72,(anonymous_28)
FN:76,(anonymous_29)
FN:89,which
FN:98,startTimer
FN:100,(anonymous_32)
FNF:15
FNH:11
FNDA:2,run
FNDA:2,(anonymous_15)
FNDA:2,(anonymous_16)
FNDA:0,exec
FNDA:0,(anonymous_20)
FNDA:0,(anonymous_21)
FNDA:0,(anonymous_22)
FNDA:3,spawn
FNDA:3,(anonymous_26)
FNDA:2,(anonymous_27)
FNDA:3,(anonymous_28)
FNDA:1,(anonymous_29)
FNDA:1,which
FNDA:1,startTimer
FNDA:1,(anonymous_32)
DA:1,11
DA:2,11
DA:3,11
DA:4,11
DA:5,11
DA:7,11
DA:16,4
DA:17,2
DA:18,2
DA:20,2
DA:21,2
DA:22,2
DA:23,1
DA:24,1
DA:26,2
DA:38,0
DA:39,0
DA:40,0
DA:41,0
DA:42,0
DA:43,0
DA:54,6
DA:55,3
DA:56,3
DA:57,3
DA:58,3
DA:63,3
DA:64,3
DA:65,2
DA:66,2
DA:68,0
DA:72,3
DA:73,3
DA:74,3
DA:76,3
DA:77,1
DA:78,1
DA:90,1
DA:99,1
DA:100,1
DA:103,11
DA:105,11
LF:42
LH:35
BRDA:16,0,0,2
BRDA:16,0,1,0
BRDA:17,1,0,0
BRDA:17,1,1,2
BRDA:17,2,0,2
BRDA:17,2,1,2
BRDA:22,3,0,1
BRDA:22,3,1,1
BRDA:26,4,0,2
BRDA:26,4,1,1
BRDA:38,5,0,0
BRDA:38,5,1,0
BRDA:54,6,0,3
BRDA:54,6,1,0
BRDA:63,7,0,3
BRDA:63,7,1,0
BRDA:65,8,0,2
BRDA:65,8,1,0
BRF:18
BRH:11
end_of_record
